2018-12-26 00:30:01-start
2018-12-26 00:30:01-[{"code":1007,"msg":"\u5931\u8d25220smtp.qq.comEsmtpQQMailServerhello:250-smtp.qq.com250-PIPELINING250-SIZE73400320250-AUTHLOGINPLAIN250-AUTH=LOGIN250-MAILCOMPRESS2508BITMIMElang:email_smtp_auth_pwlang:email_send_failure_smtpUser-Agent:CodeIgniterDate:Wed,26Dec201800:30:01+0800From:=?utf-8?Q?=E5=BE=92=E5=BE=92?=&lt;52249557@qq.com&gt;Return-Path:&lt;52249557@qq.com&gt;To:601480898@qq.comSubject:=?utf-8?Q?=E5=95=86=E5=93=81=E8=B4=AD=E4=B9=B0=E6=88=90=E5=8A=9F?=Reply-To:&lt;52249557@qq.com&gt;X-Sender:52249557@qq.comX-Mailer:CodeIgniterX-Priority:3(Normal)Message-ID:&lt;5c225b0952988@qq.com&gt;Mime-Version:1.0Content-Type:multipart\/alternative;boundary=&quot;B_ALT_5c225b095298c&quot;Thisisamulti-partmessageinMIMEformat.Youremailapplicationmaynotsupportthisformat.--B_ALT_5c225b095298cContent-Type:text\/plain;charset=utf-8Content-Transfer-Encoding:8bit\u7528\u6237:601480898@qq.com,\u8d2d\u4e70\u7684\u5546\u54c1[\u641c\u72d7\u9605\u8bfb15\u4e07\u9605\u8bfb\u5e01],\u5bc6\u7801\u662f:\u8d26\u53f7:17056366374\u5bc6\u7801:jj9595--B_ALT_5c225b095298cContent-Type:text\/html;charset=utf-8Content-Transfer-Encoding:quoted-printable=E7=94=A8=E6=88=B7:601480898@qq.com,=E8=B4=AD=E4=B9=B0=E7=9A=84=E5=95=86==E5=93=81[=E6=90=9C=E7=8B=97=E9=98=85=E8=AF=BB15=E4=B8=87=E9=98=85=E8=AF==BB=E5=B8=81],=E5=AF=86=E7=A0=81=E6=98=AF:=E8=B4=A6=E5=8F=B7:17056366374==E5=AF=86=E7=A0=81:jj9595--B_ALT_5c225b095298c--"},{"code":1007,"msg":"\u5931\u8d25220smtp.qq.comEsmtpQQMailServerhello:250-smtp.qq.com250-PIPELINING250-SIZE73400320250-AUTHLOGINPLAIN250-AUTH=LOGIN250-MAILCOMPRESS2508BITMIMElang:email_smtp_auth_pwlang:email_send_failure_smtpUser-Agent:CodeIgniterDate:Wed,26Dec201800:30:02+0800From:=?utf-8?Q?=E5=BE=92=E5=BE=92?=&lt;52249557@qq.com&gt;Return-Path:&lt;52249557@qq.com&gt;To:52249557@qq.comSubject:=?utf-8?Q?=E7=94=A8=E6=88=B7=E8=B4=AD=E4=B9=B0=E5=95=86=E5=93=81?=Reply-To:&lt;52249557@qq.com&gt;X-Sender:52249557@qq.comX-Mailer:CodeIgniterX-Priority:3(Normal)Message-ID:&lt;5c225b0a72411@qq.com&gt;Mime-Version:1.0Content-Type:multipart\/alternative;boundary=&quot;B_ALT_5c225b0a72416&quot;Thisisamulti-partmessageinMIMEformat.Youremailapplicationmaynotsupportthisformat.--B_ALT_5c225b0a72416Content-Type:text\/plain;charset=utf-8Content-Transfer-Encoding:8bit\u7528\u6237:601480898@qq.com,\u8d2d\u4e70\u7684\u5546\u54c1[\u641c\u72d7\u9605\u8bfb15\u4e07\u9605\u8bfb\u5e01],\u5bc6\u7801\u53d1\u9001\u6210\u529f;\u5f53\u524d\u5546\u54c1\u5e93\u5b58\u5269\u4f59:13--B_ALT_5c225b0a72416Content-Type:text\/html;charset=utf-8Content-Transfer-Encoding:quoted-printable=E7=94=A8=E6=88=B7:601480898@qq.com,=E8=B4=AD=E4=B9=B0=E7=9A=84=E5=95=86==E5=93=81[=E6=90=9C=E7=8B=97=E9=98=85=E8=AF=BB15=E4=B8=87=E9=98=85=E8=AF==BB=E5=B8=81],=E5=AF=86=E7=A0=81=E5=8F=91=E9=80=81=E6=88=90=E5=8A=9F;==E5=BD=93=E5=89=8D=E5=95=86=E5=93=81=E5=BA=93=E5=AD=98=E5=89=A9=E4=BD=99:13--B_ALT_5c225b0a72416--"}]
2018-12-26 00:30:01-end
2018-12-26 01:30:01-start
2018-12-26 01:30:01-end
2018-12-26 02:30:01-start
2018-12-26 02:30:01-end
2018-12-26 03:30:01-start
2018-12-26 03:30:01-end
2018-12-26 04:30:01-start
2018-12-26 04:30:01-end
2018-12-26 05:30:01-start
2018-12-26 05:30:01-end
2018-12-26 06:30:01-start
2018-12-26 06:30:01-end
2018-12-26 07:30:01-start
2018-12-26 07:30:01-end
2018-12-26 08:30:01-start
2018-12-26 08:30:01-end
2018-12-26 09:30:01-start
2018-12-26 09:30:01-[{"code":1007,"msg":"\u5931\u8d25220smtp.qq.comEsmtpQQMailServerhello:250-smtp.qq.com250-PIPELINING250-SIZE73400320250-AUTHLOGINPLAIN250-AUTH=LOGIN250-MAILCOMPRESS2508BITMIMElang:email_smtp_auth_pwlang:email_send_failure_smtpUser-Agent:CodeIgniterDate:Wed,26Dec201809:30:01+0800From:=?utf-8?Q?=E5=BE=92=E5=BE=92?=&lt;52249557@qq.com&gt;Return-Path:&lt;52249557@qq.com&gt;To:1074736611@qq.comSubject:=?utf-8?Q?=E5=95=86=E5=93=81=E8=B4=AD=E4=B9=B0=E6=88=90=E5=8A=9F?=Reply-To:&lt;52249557@qq.com&gt;X-Sender:52249557@qq.comX-Mailer:CodeIgniterX-Priority:3(Normal)Message-ID:&lt;5c22d999e31dc@qq.com&gt;Mime-Version:1.0Content-Type:multipart\/alternative;boundary=&quot;B_ALT_5c22d999e31e1&quot;Thisisamulti-partmessageinMIMEformat.Youremailapplicationmaynotsupportthisformat.--B_ALT_5c22d999e31e1Content-Type:text\/plain;charset=utf-8Content-Transfer-Encoding:8bit\u7528\u6237:1074736611@qq.com,\u8d2d\u4e70\u7684\u5546\u54c1[\u641c\u72d7\u9605\u8bfb15\u4e07\u9605\u8bfb\u5e01],\u5bc6\u7801\u662f:\u8d26\u53f7:13175713294\u5bc6\u7801:dd1919--B_ALT_5c22d999e31e1Content-Type:text\/html;charset=utf-8Content-Transfer-Encoding:quoted-printable=E7=94=A8=E6=88=B7:1074736611@qq.com,=E8=B4=AD=E4=B9=B0=E7=9A=84=E5=95==86=E5=93=81[=E6=90=9C=E7=8B=97=E9=98=85=E8=AF=BB15=E4=B8=87=E9=98=85==E8=AF=BB=E5=B8=81],=E5=AF=86=E7=A0=81=E6=98=AF:=E8=B4=A6=E5=8F=B7:13175713=294=E5=AF=86=E7=A0=81:dd1919--B_ALT_5c22d999e31e1--"},{"code":1007,"msg":"\u5931\u8d25220smtp.qq.comEsmtpQQMailServerhello:250-smtp.qq.com250-PIPELINING250-SIZE73400320250-AUTHLOGINPLAIN250-AUTH=LOGIN250-MAILCOMPRESS2508BITMIMElang:email_smtp_auth_pwlang:email_send_failure_smtpUser-Agent:CodeIgniterDate:Wed,26Dec201809:30:03+0800From:=?utf-8?Q?=E5=BE=92=E5=BE=92?=&lt;52249557@qq.com&gt;Return-Path:&lt;52249557@qq.com&gt;To:52249557@qq.comSubject:=?utf-8?Q?=E7=94=A8=E6=88=B7=E8=B4=AD=E4=B9=B0=E5=95=86=E5=93=81?=Reply-To:&lt;52249557@qq.com&gt;X-Sender:52249557@qq.comX-Mailer:CodeIgniterX-Priority:3(Normal)Message-ID:&lt;5c22d99b643e1@qq.com&gt;Mime-Version:1.0Content-Type:multipart\/alternative;boundary=&quot;B_ALT_5c22d99b643e5&quot;Thisisamulti-partmessageinMIMEformat.Youremailapplicationmaynotsupportthisformat.--B_ALT_5c22d99b643e5Content-Type:text\/plain;charset=utf-8Content-Transfer-Encoding:8bit\u7528\u6237:1074736611@qq.com,\u8d2d\u4e70\u7684\u5546\u54c1[\u641c\u72d7\u9605\u8bfb15\u4e07\u9605\u8bfb\u5e01],\u5bc6\u7801\u53d1\u9001\u6210\u529f;\u5f53\u524d\u5546\u54c1\u5e93\u5b58\u5269\u4f59:12--B_ALT_5c22d99b643e5Content-Type:text\/html;charset=utf-8Content-Transfer-Encoding:quoted-printable=E7=94=A8=E6=88=B7:1074736611@qq.com,=E8=B4=AD=E4=B9=B0=E7=9A=84=E5=95==86=E5=93=81[=E6=90=9C=E7=8B=97=E9=98=85=E8=AF=BB15=E4=B8=87=E9=98=85==E8=AF=BB=E5=B8=81],=E5=AF=86=E7=A0=81=E5=8F=91=E9=80=81=E6=88=90=E5=8A==9F;=E5=BD=93=E5=89=8D=E5=95=86=E5=93=81=E5=BA=93=E5=AD=98=E5=89=A9==E4=BD=99:12--B_ALT_5c22d99b643e5--"}]
2018-12-26 09:30:01-end
2018-12-26 10:30:01-start
2018-12-26 10:30:01-end
2018-12-26 11:30:01-start
2018-12-26 11:30:01-end
2018-12-26 12:30:01-start
2018-12-26 12:30:01-end
2018-12-26 13:30:01-start
2018-12-26 13:30:01-[{"code":1007,"msg":"\u5931\u8d25220smtp.qq.comEsmtpQQMailServerhello:250-smtp.qq.com250-PIPELINING250-SIZE73400320250-AUTHLOGINPLAIN250-AUTH=LOGIN250-MAILCOMPRESS2508BITMIMElang:email_smtp_auth_pwlang:email_send_failure_smtpUser-Agent:CodeIgniterDate:Wed,26Dec201813:30:01+0800From:=?utf-8?Q?=E5=BE=92=E5=BE=92?=&lt;52249557@qq.com&gt;Return-Path:&lt;52249557@qq.com&gt;To:1074736611@qq.comSubject:=?utf-8?Q?=E5=95=86=E5=93=81=E8=B4=AD=E4=B9=B0=E6=88=90=E5=8A=9F?=Reply-To:&lt;52249557@qq.com&gt;X-Sender:52249557@qq.comX-Mailer:CodeIgniterX-Priority:3(Normal)Message-ID:&lt;5c2311d9d2bf9@qq.com&gt;Mime-Version:1.0Content-Type:multipart\/alternative;boundary=&quot;B_ALT_5c2311d9d2bff&quot;Thisisamulti-partmessageinMIMEformat.Youremailapplicationmaynotsupportthisformat.--B_ALT_5c2311d9d2bffContent-Type:text\/plain;charset=utf-8Content-Transfer-Encoding:8bit\u7528\u6237:1074736611@qq.com,\u8d2d\u4e70\u7684\u5546\u54c1[\u641c\u72d7\u9605\u8bfb15\u4e07\u9605\u8bfb\u5e01],\u5bc6\u7801\u662f:\u8d26\u53f7:13116840016\u5bc6\u7801:ii7474--B_ALT_5c2311d9d2bffContent-Type:text\/html;charset=utf-8Content-Transfer-Encoding:quoted-printable=E7=94=A8=E6=88=B7:1074736611@qq.com,=E8=B4=AD=E4=B9=B0=E7=9A=84=E5=95==86=E5=93=81[=E6=90=9C=E7=8B=97=E9=98=85=E8=AF=BB15=E4=B8=87=E9=98=85==E8=AF=BB=E5=B8=81],=E5=AF=86=E7=A0=81=E6=98=AF:=E8=B4=A6=E5=8F=B7:13116840=016=E5=AF=86=E7=A0=81:ii7474--B_ALT_5c2311d9d2bff--"},{"code":1007,"msg":"\u5931\u8d25220smtp.qq.comEsmtpQQMailServerhello:250-smtp.qq.com250-PIPELINING250-SIZE73400320250-AUTHLOGINPLAIN250-AUTH=LOGIN250-MAILCOMPRESS2508BITMIMElang:email_smtp_auth_pwlang:email_send_failure_smtpUser-Agent:CodeIgniterDate:Wed,26Dec201813:30:03+0800From:=?utf-8?Q?=E5=BE=92=E5=BE=92?=&lt;52249557@qq.com&gt;Return-Path:&lt;52249557@qq.com&gt;To:52249557@qq.comSubject:=?utf-8?Q?=E7=94=A8=E6=88=B7=E8=B4=AD=E4=B9=B0=E5=95=86=E5=93=81?=Reply-To:&lt;52249557@qq.com&gt;X-Sender:52249557@qq.comX-Mailer:CodeIgniterX-Priority:3(Normal)Message-ID:&lt;5c2311db40e9a@qq.com&gt;Mime-Version:1.0Content-Type:multipart\/alternative;boundary=&quot;B_ALT_5c2311db40ea3&quot;Thisisamulti-partmessageinMIMEformat.Youremailapplicationmaynotsupportthisformat.--B_ALT_5c2311db40ea3Content-Type:text\/plain;charset=utf-8Content-Transfer-Encoding:8bit\u7528\u6237:1074736611@qq.com,\u8d2d\u4e70\u7684\u5546\u54c1[\u641c\u72d7\u9605\u8bfb15\u4e07\u9605\u8bfb\u5e01],\u5bc6\u7801\u53d1\u9001\u6210\u529f;\u5f53\u524d\u5546\u54c1\u5e93\u5b58\u5269\u4f59:11--B_ALT_5c2311db40ea3Content-Type:text\/html;charset=utf-8Content-Transfer-Encoding:quoted-printable=E7=94=A8=E6=88=B7:1074736611@qq.com,=E8=B4=AD=E4=B9=B0=E7=9A=84=E5=95==86=E5=93=81[=E6=90=9C=E7=8B=97=E9=98=85=E8=AF=BB15=E4=B8=87=E9=98=85==E8=AF=BB=E5=B8=81],=E5=AF=86=E7=A0=81=E5=8F=91=E9=80=81=E6=88=90=E5=8A==9F;=E5=BD=93=E5=89=8D=E5=95=86=E5=93=81=E5=BA=93=E5=AD=98=E5=89=A9==E4=BD=99:11--B_ALT_5c2311db40ea3--"}]
2018-12-26 13:30:01-end
2018-12-26 14:30:01-start
2018-12-26 14:30:01-end
2018-12-26 15:30:01-start
2018-12-26 15:30:01-end
2018-12-26 16:30:01-start
2018-12-26 16:30:01-end
2018-12-26 17:30:01-start
2018-12-26 17:30:01-end
2018-12-26 18:30:01-start
2018-12-26 18:30:01-end
2018-12-26 19:30:01-start
2018-12-26 19:30:01-end
2018-12-26 20:30:01-start
2018-12-26 20:30:01-[{"code":1007,"msg":"\u5931\u8d25220smtp.qq.comEsmtpQQMailServerhello:250-smtp.qq.com250-PIPELINING250-SIZE73400320250-AUTHLOGINPLAIN250-AUTH=LOGIN250-MAILCOMPRESS2508BITMIMElang:email_smtp_auth_pwlang:email_send_failure_smtpUser-Agent:CodeIgniterDate:Wed,26Dec201820:30:01+0800From:=?utf-8?Q?=E5=BE=92=E5=BE=92?=&lt;52249557@qq.com&gt;Return-Path:&lt;52249557@qq.com&gt;To:2014134097@qq.comSubject:=?utf-8?Q?=E5=95=86=E5=93=81=E8=B4=AD=E4=B9=B0=E6=88=90=E5=8A=9F?=Reply-To:&lt;52249557@qq.com&gt;X-Sender:52249557@qq.comX-Mailer:CodeIgniterX-Priority:3(Normal)Message-ID:&lt;5c237449e536b@qq.com&gt;Mime-Version:1.0Content-Type:multipart\/alternative;boundary=&quot;B_ALT_5c237449e536f&quot;Thisisamulti-partmessageinMIMEformat.Youremailapplicationmaynotsupportthisformat.--B_ALT_5c237449e536fContent-Type:text\/plain;charset=utf-8Content-Transfer-Encoding:8bit\u7528\u6237:2014134097@qq.com,\u8d2d\u4e70\u7684\u5546\u54c1[\u641c\u72d7\u9605\u8bfb15\u4e07\u9605\u8bfb\u5e01],\u5bc6\u7801\u662f:\u8d26\u53f7:13121550293\u5bc6\u7801:mm2424--B_ALT_5c237449e536fContent-Type:text\/html;charset=utf-8Content-Transfer-Encoding:quoted-printable=E7=94=A8=E6=88=B7:2014134097@qq.com,=E8=B4=AD=E4=B9=B0=E7=9A=84=E5=95==86=E5=93=81[=E6=90=9C=E7=8B=97=E9=98=85=E8=AF=BB15=E4=B8=87=E9=98=85==E8=AF=BB=E5=B8=81],=E5=AF=86=E7=A0=81=E6=98=AF:=E8=B4=A6=E5=8F=B7:13121550=293=E5=AF=86=E7=A0=81:mm2424--B_ALT_5c237449e536f--"},{"code":1007,"msg":"\u5931\u8d25220smtp.qq.comEsmtpQQMailServerhello:250-smtp.qq.com250-PIPELINING250-SIZE73400320250-AUTHLOGINPLAIN250-AUTH=LOGIN250-MAILCOMPRESS2508BITMIMElang:email_smtp_auth_pwlang:email_send_failure_smtpUser-Agent:CodeIgniterDate:Wed,26Dec201820:30:03+0800From:=?utf-8?Q?=E5=BE=92=E5=BE=92?=&lt;52249557@qq.com&gt;Return-Path:&lt;52249557@qq.com&gt;To:52249557@qq.comSubject:=?utf-8?Q?=E7=94=A8=E6=88=B7=E8=B4=AD=E4=B9=B0=E5=95=86=E5=93=81?=Reply-To:&lt;52249557@qq.com&gt;X-Sender:52249557@qq.comX-Mailer:CodeIgniterX-Priority:3(Normal)Message-ID:&lt;5c23744b07d41@qq.com&gt;Mime-Version:1.0Content-Type:multipart\/alternative;boundary=&quot;B_ALT_5c23744b07d47&quot;Thisisamulti-partmessageinMIMEformat.Youremailapplicationmaynotsupportthisformat.--B_ALT_5c23744b07d47Content-Type:text\/plain;charset=utf-8Content-Transfer-Encoding:8bit\u7528\u6237:2014134097@qq.com,\u8d2d\u4e70\u7684\u5546\u54c1[\u641c\u72d7\u9605\u8bfb15\u4e07\u9605\u8bfb\u5e01],\u5bc6\u7801\u53d1\u9001\u6210\u529f;\u5f53\u524d\u5546\u54c1\u5e93\u5b58\u5269\u4f59:10--B_ALT_5c23744b07d47Content-Type:text\/html;charset=utf-8Content-Transfer-Encoding:quoted-printable=E7=94=A8=E6=88=B7:2014134097@qq.com,=E8=B4=AD=E4=B9=B0=E7=9A=84=E5=95==86=E5=93=81[=E6=90=9C=E7=8B=97=E9=98=85=E8=AF=BB15=E4=B8=87=E9=98=85==E8=AF=BB=E5=B8=81],=E5=AF=86=E7=A0=81=E5=8F=91=E9=80=81=E6=88=90=E5=8A==9F;=E5=BD=93=E5=89=8D=E5=95=86=E5=93=81=E5=BA=93=E5=AD=98=E5=89=A9==E4=BD=99:10--B_ALT_5c23744b07d47--"}]
2018-12-26 20:30:01-end
2018-12-26 21:30:01-start
2018-12-26 21:30:01-end
2018-12-26 22:30:01-start
2018-12-26 22:30:01-end
2018-12-26 23:30:01-start
2018-12-26 23:30:01-end
