2019-01-02 12:44:49-{"sign":"17553bbb7d2e824587c7f0b5c9226a64","codepay_server_time":"1546404289","endTime":"1546404557","id":"1756215861917","mode":"0","money":"1.00","notify_count":"0","ok":"1","pay_id":"sadnt2019010212441693075","pay_no":"101000026901501901021430651324","pay_time":"1546404288","price":"1.00","qr_user":"0","status":"0","tag":"0","target":"get","trade_no":"115464042572152727677072197","trueID":"15272","type":"2","userID":"15272"}
2019-01-02 12:44:49-success
2019-01-02 21:40:11-[]
2019-01-02 21:40:11-error|Notify: auth fail
2019-01-02 21:41:11-[]
2019-01-02 21:41:11-error|Notify: auth fail
2019-01-02 22:24:41-{"sign":"9014c98b8755f934ae799c0568d82750","codepay_server_time":"1546439080","endTime":"1546439328","id":"1756133777635","mode":"0","money":"0.10","notify_count":"0","ok":"1","pay_id":"sadnt2019010222234854957","pay_no":"2019010222001464740560626539","pay_time":"1546439064","price":"0.10","qr_user":"0","status":"0","tag":"0","target":"get","trade_no":"1154643902811631199665800308","trueID":"163119","type":"1","userID":"163119"}
2019-01-02 22:24:41-error|Notify: auth fail
2019-01-02 22:24:43-{"app_time":"1546439083","chart":"utf-8","id":"163119","money":"0.1","order_id":"163119","pay_id":"sadnt2019010222234854957","pay_no":"2019010222001464740560626539","pay_time":"1546439064","price":"0.1","status":"1","tag":"0","trueID":"163119","type":"1","version":"6.210","sign":"0e53ebbd140995e99039c3c0f1f41723"}
2019-01-02 22:24:43-error|Notify: auth fail
2019-01-02 22:25:32-{"app_time":"1546439132","chart":"utf-8","id":"163119","money":"0.1","order_id":"163119","pay_id":"sadnt2019010222234854957","pay_no":"2019010222001464740560626539","pay_time":"1546439064","price":"0.1","status":"1","tag":"0","trueID":"163119","type":"1","version":"6.210","sign":"f0230a07fbb1c6077644346a88a973d7"}
2019-01-02 22:25:32-error|Notify: auth fail
2019-01-02 22:26:19-{"app_time":"1546439179","chart":"utf-8","id":"163119","money":"0.1","order_id":"163119","pay_id":"sadnt2019010222234854957","pay_no":"2019010222001464740560626539","pay_time":"1546439064","price":"0.1","status":"1","tag":"0","trueID":"163119","type":"1","version":"6.210","sign":"1f277b73a7be5dec760e1bd898c3756d"}
2019-01-02 22:26:19-error|Notify: auth fail
2019-01-02 22:27:18-{"sign":"02a292130cf241c7c9e6b02fbd2f703d","codepay_server_time":"1546439237","endTime":"1546439478","id":"1756133112497","mode":"0","money":"8.01","notify_count":"0","ok":"1","pay_id":"sadnt2019010222261847139","pay_no":"2019010222001462450591533313","pay_time":"1546439226","price":"8.00","qr_user":"0","status":"0","tag":"0","target":"get","trade_no":"1154643917811631193132414510","trueID":"163119","type":"1","userID":"163119"}
2019-01-02 22:27:18-error|Notify: auth fail
2019-01-02 22:27:18-{"app_time":"1546439239","chart":"utf-8","id":"163119","money":"8.01","order_id":"163119","pay_id":"sadnt2019010222261847139","pay_no":"2019010222001462450591533313","pay_time":"1546439226","price":"8","status":"1","tag":"0","trueID":"163119","type":"1","version":"6.210","sign":"1d817c4fb27e4e45a1596454110d98fe"}
2019-01-02 22:27:18-error|Notify: auth fail
2019-01-02 22:28:39-{"app_time":"1546439319","chart":"utf-8","id":"163119","money":"8.01","order_id":"163119","pay_id":"sadnt2019010222261847139","pay_no":"2019010222001462450591533313","pay_time":"1546439226","price":"8","status":"1","tag":"0","trueID":"163119","type":"1","version":"6.210","sign":"d2b9f246b1a951cffb64417f8505c874"}
2019-01-02 22:28:39-error|Notify: auth fail
2019-01-02 22:28:39-{"app_time":"1546439319","chart":"utf-8","id":"163119","money":"0.1","order_id":"163119","pay_id":"sadnt2019010222234854957","pay_no":"2019010222001464740560626539","pay_time":"1546439064","price":"0.1","status":"1","tag":"0","trueID":"163119","type":"1","version":"6.210","sign":"2de21134c7dd3d1881c56c3d13956a2b"}
2019-01-02 22:28:39-error|Notify: auth fail
2019-01-02 22:29:40-{"app_time":"1546439380","chart":"utf-8","id":"163119","money":"8.01","order_id":"163119","pay_id":"sadnt2019010222261847139","pay_no":"2019010222001462450591533313","pay_time":"1546439226","price":"8","status":"1","tag":"0","trueID":"163119","type":"1","version":"6.210","sign":"c3e864eab0666525a3800f96ed1180b6"}
2019-01-02 22:29:40-error|Notify: auth fail
2019-01-02 22:31:45-{"app_time":"1546439505","chart":"utf-8","id":"163119","money":"8.01","order_id":"163119","pay_id":"sadnt2019010222261847139","pay_no":"2019010222001462450591533313","pay_time":"1546439226","price":"8","status":"1","tag":"0","trueID":"163119","type":"1","version":"6.210","sign":"8866baa95f75d95df743fdb74d66494e"}
2019-01-02 22:31:45-error|Notify: auth fail
2019-01-02 22:31:45-{"app_time":"1546439505","chart":"utf-8","id":"163119","money":"0.1","order_id":"163119","pay_id":"sadnt2019010222234854957","pay_no":"2019010222001464740560626539","pay_time":"1546439064","price":"0.1","status":"1","tag":"0","trueID":"163119","type":"1","version":"6.210","sign":"eb3f5cc7ffba31a8395c16ffd234cdf8"}
2019-01-02 22:31:45-error|Notify: auth fail
2019-01-02 22:34:51-{"app_time":"1546439690","chart":"utf-8","id":"163119","money":"8.01","order_id":"163119","pay_id":"sadnt2019010222261847139","pay_no":"2019010222001462450591533313","pay_time":"1546439226","price":"8","status":"1","tag":"0","trueID":"163119","type":"1","version":"6.210","sign":"2ee4a2f85615d6846833fefad597410f"}
2019-01-02 22:34:51-error|Notify: auth fail
2019-01-02 22:37:57-{"app_time":"1546439877","chart":"utf-8","id":"163119","money":"0.1","order_id":"163119","pay_id":"sadnt2019010222234854957","pay_no":"2019010222001464740560626539","pay_time":"1546439064","price":"0.1","status":"1","tag":"0","trueID":"163119","type":"1","version":"6.210","sign":"8879a5737c4169da663baa64cc0852e2"}
2019-01-02 22:37:57-error|Notify: auth fail
2019-01-02 22:41:03-{"app_time":"1546440063","chart":"utf-8","id":"163119","money":"8.01","order_id":"163119","pay_id":"sadnt2019010222261847139","pay_no":"2019010222001462450591533313","pay_time":"1546439226","price":"8","status":"1","tag":"0","trueID":"163119","type":"1","version":"6.210","sign":"b78732a2dba865fbdca95c339023a2d1"}
2019-01-02 22:41:03-error|Notify: auth fail
2019-01-02 22:49:19-{"app_time":"1546440559","chart":"utf-8","id":"163119","money":"0.1","order_id":"163119","pay_id":"sadnt2019010222234854957","pay_no":"2019010222001464740560626539","pay_time":"1546439064","price":"0.1","status":"1","tag":"0","trueID":"163119","type":"1","version":"6.210","sign":"8fe56ae5451cbb761a3be038af5b413d"}
2019-01-02 22:49:19-error|Notify: auth fail
2019-01-02 22:52:25-{"app_time":"1546440745","chart":"utf-8","id":"163119","money":"8.01","order_id":"163119","pay_id":"sadnt2019010222261847139","pay_no":"2019010222001462450591533313","pay_time":"1546439226","price":"8","status":"1","tag":"0","trueID":"163119","type":"1","version":"6.210","sign":"e2ff6e08e42b1d6c04ae63f8c945755e"}
2019-01-02 22:52:25-error|Notify: auth fail
2019-01-02 23:11:01-{"app_time":"1546441861","chart":"utf-8","id":"163119","money":"0.1","order_id":"163119","pay_id":"sadnt2019010222234854957","pay_no":"2019010222001464740560626539","pay_time":"1546439064","price":"0.1","status":"1","tag":"0","trueID":"163119","type":"1","version":"6.210","sign":"48967c99446e4b19df937fb95dd20dbf"}
2019-01-02 23:11:01-error|Notify: auth fail
2019-01-02 23:14:07-{"app_time":"1546442046","chart":"utf-8","id":"163119","money":"8.01","order_id":"163119","pay_id":"sadnt2019010222261847139","pay_no":"2019010222001462450591533313","pay_time":"1546439226","price":"8","status":"1","tag":"0","trueID":"163119","type":"1","version":"6.210","sign":"cf637990641e0a79a0e5f4c982852bbb"}
2019-01-02 23:14:07-error|Notify: auth fail
2019-01-02 23:54:25-{"app_time":"1546444465","chart":"utf-8","id":"163119","money":"0.1","order_id":"163119","pay_id":"sadnt2019010222234854957","pay_no":"2019010222001464740560626539","pay_time":"1546439064","price":"0.1","status":"1","tag":"0","trueID":"163119","type":"1","version":"6.210","sign":"2de5eec59b2038cf8e5f4ad62b79283b"}
2019-01-02 23:54:25-error|Notify: auth fail
2019-01-02 23:57:31-{"app_time":"1546444650","chart":"utf-8","id":"163119","money":"8.01","order_id":"163119","pay_id":"sadnt2019010222261847139","pay_no":"2019010222001462450591533313","pay_time":"1546439226","price":"8","status":"1","tag":"0","trueID":"163119","type":"1","version":"6.210","sign":"2311bbd246135f729e82abf75b030b76"}
2019-01-02 23:57:31-error|Notify: auth fail
