2018-12-31 00:05:06-SELECT * FROM `t_config`
2018-12-31 00:05:06-SELECT * FROM `t_products_type` WHERE `active` = "1" AND `isdelete` = "0" ORDER BY `sort_num` DESC
2018-12-31 00:05:06-SELECT * FROM `t_products` WHERE `typeid` = "1" AND `active` = "1" AND `isdelete` = "0" ORDER BY `sort_num` DESC
2018-12-31 00:05:06-SELECT * FROM `t_products` WHERE `typeid` = "2" AND `active` = "1" AND `isdelete` = "0" ORDER BY `sort_num` DESC
2018-12-31 00:10:17-SELECT * FROM `t_products_type` WHERE `active` = "1" AND `isdelete` = "0" ORDER BY `sort_num` DESC
2018-12-31 00:10:17-SELECT * FROM `t_products` WHERE `typeid` = "1" AND `active` = "1" AND `isdelete` = "0" ORDER BY `sort_num` DESC
2018-12-31 00:10:17-SELECT * FROM `t_products` WHERE `typeid` = "2" AND `active` = "1" AND `isdelete` = "0" ORDER BY `sort_num` DESC
2018-12-31 00:19:13-SELECT * FROM `t_config`
2018-12-31 00:19:13-SELECT * FROM `t_products_type` WHERE `active` = "1" AND `isdelete` = "0" ORDER BY `sort_num` DESC
2018-12-31 00:19:13-SELECT * FROM `t_products` WHERE `typeid` = "1" AND `active` = "1" AND `isdelete` = "0" ORDER BY `sort_num` DESC
2018-12-31 00:19:13-SELECT * FROM `t_products` WHERE `typeid` = "2" AND `active` = "1" AND `isdelete` = "0" ORDER BY `sort_num` DESC
2018-12-31 00:30:30-SELECT * FROM `t_config`
2018-12-31 00:30:30-SELECT * FROM `t_products_type` WHERE `active` = "1" AND `isdelete` = "0" ORDER BY `sort_num` DESC
2018-12-31 00:30:30-SELECT * FROM `t_products` WHERE `typeid` = "1" AND `active` = "1" AND `isdelete` = "0" ORDER BY `sort_num` DESC
2018-12-31 00:30:30-SELECT * FROM `t_products` WHERE `typeid` = "2" AND `active` = "1" AND `isdelete` = "0" ORDER BY `sort_num` DESC
2018-12-31 00:41:41-SELECT * FROM `t_config`
2018-12-31 00:41:41-SELECT * FROM `t_products_type` WHERE `active` = "1" AND `isdelete` = "0" ORDER BY `sort_num` DESC
2018-12-31 00:41:41-SELECT * FROM `t_products` WHERE `typeid` = "1" AND `active` = "1" AND `isdelete` = "0" ORDER BY `sort_num` DESC
2018-12-31 00:41:41-SELECT * FROM `t_products` WHERE `typeid` = "2" AND `active` = "1" AND `isdelete` = "0" ORDER BY `sort_num` DESC
2018-12-31 01:16:22-SELECT * FROM `t_config`
2018-12-31 01:16:22-SELECT * FROM `t_products_type` WHERE `active` = "1" AND `isdelete` = "0" ORDER BY `sort_num` DESC
2018-12-31 01:16:22-SELECT * FROM `t_products` WHERE `typeid` = "1" AND `active` = "1" AND `isdelete` = "0" ORDER BY `sort_num` DESC
2018-12-31 01:16:22-SELECT * FROM `t_products` WHERE `typeid` = "2" AND `active` = "1" AND `isdelete` = "0" ORDER BY `sort_num` DESC
2018-12-31 01:29:31-SELECT * FROM `t_config`
2018-12-31 01:29:31-SELECT * FROM `t_products_type` WHERE `active` = "1" AND `isdelete` = "0" ORDER BY `sort_num` DESC
2018-12-31 01:29:31-SELECT * FROM `t_products` WHERE `typeid` = "1" AND `active` = "1" AND `isdelete` = "0" ORDER BY `sort_num` DESC
2018-12-31 01:29:31-SELECT * FROM `t_products` WHERE `typeid` = "2" AND `active` = "1" AND `isdelete` = "0" ORDER BY `sort_num` DESC
2018-12-31 01:40:56-SELECT * FROM `t_config`
2018-12-31 01:40:56-SELECT * FROM `t_products_type` WHERE `active` = "1" AND `isdelete` = "0" ORDER BY `sort_num` DESC
2018-12-31 01:40:56-SELECT * FROM `t_products` WHERE `typeid` = "1" AND `active` = "1" AND `isdelete` = "0" ORDER BY `sort_num` DESC
2018-12-31 01:40:56-SELECT * FROM `t_products` WHERE `typeid` = "2" AND `active` = "1" AND `isdelete` = "0" ORDER BY `sort_num` DESC
2018-12-31 01:56:15-SELECT * FROM `t_config`
2018-12-31 01:56:15-SELECT * FROM `t_products_type` WHERE `active` = "1" AND `isdelete` = "0" ORDER BY `sort_num` DESC
2018-12-31 01:56:15-SELECT * FROM `t_products` WHERE `typeid` = "1" AND `active` = "1" AND `isdelete` = "0" ORDER BY `sort_num` DESC
2018-12-31 01:56:15-SELECT * FROM `t_products` WHERE `typeid` = "2" AND `active` = "1" AND `isdelete` = "0" ORDER BY `sort_num` DESC
2018-12-31 03:02:55-SELECT * FROM `t_config`
2018-12-31 03:02:55-SELECT * FROM `t_products_type` WHERE `active` = "1" AND `isdelete` = "0" ORDER BY `sort_num` DESC
2018-12-31 03:02:55-SELECT * FROM `t_products` WHERE `typeid` = "1" AND `active` = "1" AND `isdelete` = "0" ORDER BY `sort_num` DESC
2018-12-31 03:02:55-SELECT * FROM `t_products` WHERE `typeid` = "2" AND `active` = "1" AND `isdelete` = "0" ORDER BY `sort_num` DESC
2018-12-31 05:29:08-SELECT * FROM `t_config`
2018-12-31 05:29:08-SELECT * FROM `t_products_type` WHERE `active` = "1" AND `isdelete` = "0" ORDER BY `sort_num` DESC
2018-12-31 05:29:08-SELECT * FROM `t_products` WHERE `typeid` = "1" AND `active` = "1" AND `isdelete` = "0" ORDER BY `sort_num` DESC
2018-12-31 05:29:08-SELECT * FROM `t_products` WHERE `typeid` = "2" AND `active` = "1" AND `isdelete` = "0" ORDER BY `sort_num` DESC
2018-12-31 05:29:46-SELECT * FROM `t_products_type` WHERE `active` = "1" AND `isdelete` = "0" ORDER BY `sort_num` DESC
2018-12-31 05:29:46-SELECT * FROM `t_products` WHERE `typeid` = "1" AND `active` = "1" AND `isdelete` = "0" ORDER BY `sort_num` DESC
2018-12-31 05:29:46-SELECT * FROM `t_products` WHERE `typeid` = "2" AND `active` = "1" AND `isdelete` = "0" ORDER BY `sort_num` DESC
2018-12-31 06:01:53-SELECT * FROM `t_config`
2018-12-31 06:01:53-SELECT * FROM `t_products_type` WHERE `active` = "1" AND `isdelete` = "0" ORDER BY `sort_num` DESC
2018-12-31 06:01:53-SELECT * FROM `t_products` WHERE `typeid` = "1" AND `active` = "1" AND `isdelete` = "0" ORDER BY `sort_num` DESC
2018-12-31 06:01:53-SELECT * FROM `t_products` WHERE `typeid` = "2" AND `active` = "1" AND `isdelete` = "0" ORDER BY `sort_num` DESC
2018-12-31 06:05:49-SELECT * FROM `t_products_type` WHERE `active` = "1" AND `isdelete` = "0" ORDER BY `sort_num` DESC
2018-12-31 06:05:49-SELECT * FROM `t_products` WHERE `typeid` = "1" AND `active` = "1" AND `isdelete` = "0" ORDER BY `sort_num` DESC
2018-12-31 06:05:49-SELECT * FROM `t_products` WHERE `typeid` = "2" AND `active` = "1" AND `isdelete` = "0" ORDER BY `sort_num` DESC
2018-12-31 06:09:05-SELECT * FROM `t_products_type` WHERE `active` = "1" AND `isdelete` = "0" ORDER BY `sort_num` DESC
2018-12-31 06:09:05-SELECT * FROM `t_products` WHERE `typeid` = "1" AND `active` = "1" AND `isdelete` = "0" ORDER BY `sort_num` DESC
2018-12-31 06:09:05-SELECT * FROM `t_products` WHERE `typeid` = "2" AND `active` = "1" AND `isdelete` = "0" ORDER BY `sort_num` DESC
2018-12-31 06:12:31-SELECT * FROM `t_config`
2018-12-31 06:12:31-SELECT * FROM `t_products_type` WHERE `active` = "1" AND `isdelete` = "0" ORDER BY `sort_num` DESC
2018-12-31 06:12:31-SELECT * FROM `t_products` WHERE `typeid` = "1" AND `active` = "1" AND `isdelete` = "0" ORDER BY `sort_num` DESC
2018-12-31 06:12:31-SELECT * FROM `t_products` WHERE `typeid` = "2" AND `active` = "1" AND `isdelete` = "0" ORDER BY `sort_num` DESC
2018-12-31 06:14:59-SELECT * FROM `t_products_type` WHERE `active` = "1" AND `isdelete` = "0" ORDER BY `sort_num` DESC
2018-12-31 06:14:59-SELECT * FROM `t_products` WHERE `typeid` = "1" AND `active` = "1" AND `isdelete` = "0" ORDER BY `sort_num` DESC
2018-12-31 06:14:59-SELECT * FROM `t_products` WHERE `typeid` = "2" AND `active` = "1" AND `isdelete` = "0" ORDER BY `sort_num` DESC
2018-12-31 06:26:57-SELECT * FROM `t_config`
2018-12-31 06:26:57-SELECT * FROM `t_products_type` WHERE `active` = "1" AND `isdelete` = "0" ORDER BY `sort_num` DESC
2018-12-31 06:26:57-SELECT * FROM `t_products` WHERE `typeid` = "1" AND `active` = "1" AND `isdelete` = "0" ORDER BY `sort_num` DESC
2018-12-31 06:26:57-SELECT * FROM `t_products` WHERE `typeid` = "2" AND `active` = "1" AND `isdelete` = "0" ORDER BY `sort_num` DESC
2018-12-31 06:32:00-SELECT * FROM `t_products_type` WHERE `active` = "1" AND `isdelete` = "0" ORDER BY `sort_num` DESC
2018-12-31 06:32:00-SELECT * FROM `t_products` WHERE `typeid` = "1" AND `active` = "1" AND `isdelete` = "0" ORDER BY `sort_num` DESC
2018-12-31 06:32:00-SELECT * FROM `t_products` WHERE `typeid` = "2" AND `active` = "1" AND `isdelete` = "0" ORDER BY `sort_num` DESC
2018-12-31 06:32:06-SELECT * FROM `t_products` WHERE `id` = "3" AND `active` = "1" AND `isdelete` = "0" LIMIT 1
2018-12-31 06:32:06-SELECT * FROM `t_payment` WHERE `active` = "1"
2018-12-31 06:32:10-SELECT * FROM `t_products_type` WHERE `active` = "1" AND `isdelete` = "0" ORDER BY `sort_num` DESC
2018-12-31 06:32:10-SELECT * FROM `t_products` WHERE `typeid` = "1" AND `active` = "1" AND `isdelete` = "0" ORDER BY `sort_num` DESC
2018-12-31 06:32:10-SELECT * FROM `t_products` WHERE `typeid` = "2" AND `active` = "1" AND `isdelete` = "0" ORDER BY `sort_num` DESC
2018-12-31 06:32:16-SELECT * FROM `t_products_type` WHERE `active` = "1" AND `isdelete` = "0" ORDER BY `sort_num` DESC
2018-12-31 06:32:16-SELECT * FROM `t_products` WHERE `typeid` = "1" AND `active` = "1" AND `isdelete` = "0" ORDER BY `sort_num` DESC
2018-12-31 06:32:16-SELECT * FROM `t_products` WHERE `typeid` = "2" AND `active` = "1" AND `isdelete` = "0" ORDER BY `sort_num` DESC
2018-12-31 06:40:15-SELECT * FROM `t_config`
2018-12-31 06:40:15-SELECT * FROM `t_products_type` WHERE `active` = "1" AND `isdelete` = "0" ORDER BY `sort_num` DESC
2018-12-31 06:40:15-SELECT * FROM `t_products` WHERE `typeid` = "1" AND `active` = "1" AND `isdelete` = "0" ORDER BY `sort_num` DESC
2018-12-31 06:40:15-SELECT * FROM `t_products` WHERE `typeid` = "2" AND `active` = "1" AND `isdelete` = "0" ORDER BY `sort_num` DESC
2018-12-31 07:16:59-SELECT * FROM `t_config`
2018-12-31 07:16:59-SELECT * FROM `t_products_type` WHERE `active` = "1" AND `isdelete` = "0" ORDER BY `sort_num` DESC
2018-12-31 07:16:59-SELECT * FROM `t_products` WHERE `typeid` = "1" AND `active` = "1" AND `isdelete` = "0" ORDER BY `sort_num` DESC
2018-12-31 07:16:59-SELECT * FROM `t_products` WHERE `typeid` = "2" AND `active` = "1" AND `isdelete` = "0" ORDER BY `sort_num` DESC
2018-12-31 07:17:12-SELECT * FROM `t_products_type` WHERE `active` = "1" AND `isdelete` = "0" ORDER BY `sort_num` DESC
2018-12-31 07:17:12-SELECT * FROM `t_products` WHERE `typeid` = "1" AND `active` = "1" AND `isdelete` = "0" ORDER BY `sort_num` DESC
2018-12-31 07:17:12-SELECT * FROM `t_products` WHERE `typeid` = "2" AND `active` = "1" AND `isdelete` = "0" ORDER BY `sort_num` DESC
2018-12-31 08:16:34-SELECT * FROM `t_config`
2018-12-31 08:16:34-SELECT * FROM `t_products_type` WHERE `active` = "1" AND `isdelete` = "0" ORDER BY `sort_num` DESC
2018-12-31 08:16:34-SELECT * FROM `t_products` WHERE `typeid` = "1" AND `active` = "1" AND `isdelete` = "0" ORDER BY `sort_num` DESC
2018-12-31 08:16:34-SELECT * FROM `t_products` WHERE `typeid` = "2" AND `active` = "1" AND `isdelete` = "0" ORDER BY `sort_num` DESC
2018-12-31 08:17:53-SELECT * FROM `t_products_type` WHERE `active` = "1" AND `isdelete` = "0" ORDER BY `sort_num` DESC
2018-12-31 08:17:53-SELECT * FROM `t_products` WHERE `typeid` = "1" AND `active` = "1" AND `isdelete` = "0" ORDER BY `sort_num` DESC
2018-12-31 08:17:53-SELECT * FROM `t_products` WHERE `typeid` = "2" AND `active` = "1" AND `isdelete` = "0" ORDER BY `sort_num` DESC
2018-12-31 08:24:51-SELECT * FROM `t_products_type` WHERE `active` = "1" AND `isdelete` = "0" ORDER BY `sort_num` DESC
2018-12-31 08:24:51-SELECT * FROM `t_products` WHERE `typeid` = "1" AND `active` = "1" AND `isdelete` = "0" ORDER BY `sort_num` DESC
2018-12-31 08:24:51-SELECT * FROM `t_products` WHERE `typeid` = "2" AND `active` = "1" AND `isdelete` = "0" ORDER BY `sort_num` DESC
2018-12-31 08:24:53-SELECT * FROM `t_products_type` WHERE `active` = "1" AND `isdelete` = "0" ORDER BY `sort_num` DESC
2018-12-31 08:24:53-SELECT * FROM `t_products` WHERE `typeid` = "1" AND `active` = "1" AND `isdelete` = "0" ORDER BY `sort_num` DESC
2018-12-31 08:24:53-SELECT * FROM `t_products` WHERE `typeid` = "2" AND `active` = "1" AND `isdelete` = "0" ORDER BY `sort_num` DESC
2018-12-31 08:24:53-SELECT * FROM `t_products_type` WHERE `active` = "1" AND `isdelete` = "0" ORDER BY `sort_num` DESC
2018-12-31 08:24:53-SELECT * FROM `t_products` WHERE `typeid` = "1" AND `active` = "1" AND `isdelete` = "0" ORDER BY `sort_num` DESC
2018-12-31 08:24:53-SELECT * FROM `t_products` WHERE `typeid` = "2" AND `active` = "1" AND `isdelete` = "0" ORDER BY `sort_num` DESC
2018-12-31 08:24:54-SELECT * FROM `t_products_type` WHERE `active` = "1" AND `isdelete` = "0" ORDER BY `sort_num` DESC
2018-12-31 08:24:54-SELECT * FROM `t_products` WHERE `typeid` = "1" AND `active` = "1" AND `isdelete` = "0" ORDER BY `sort_num` DESC
2018-12-31 08:24:54-SELECT * FROM `t_products` WHERE `typeid` = "2" AND `active` = "1" AND `isdelete` = "0" ORDER BY `sort_num` DESC
2018-12-31 08:24:58-SELECT * FROM `t_products_type` WHERE `active` = "1" AND `isdelete` = "0" ORDER BY `sort_num` DESC
2018-12-31 08:24:58-SELECT * FROM `t_products` WHERE `typeid` = "1" AND `active` = "1" AND `isdelete` = "0" ORDER BY `sort_num` DESC
2018-12-31 08:24:58-SELECT * FROM `t_products` WHERE `typeid` = "2" AND `active` = "1" AND `isdelete` = "0" ORDER BY `sort_num` DESC
2018-12-31 08:27:01-SELECT * FROM `t_config`
2018-12-31 08:27:01-SELECT * FROM `t_products_type` WHERE `active` = "1" AND `isdelete` = "0" ORDER BY `sort_num` DESC
2018-12-31 08:27:01-SELECT * FROM `t_products` WHERE `typeid` = "1" AND `active` = "1" AND `isdelete` = "0" ORDER BY `sort_num` DESC
2018-12-31 08:27:01-SELECT * FROM `t_products` WHERE `typeid` = "2" AND `active` = "1" AND `isdelete` = "0" ORDER BY `sort_num` DESC
2018-12-31 08:27:58-SELECT * FROM `t_products_type` WHERE `active` = "1" AND `isdelete` = "0" ORDER BY `sort_num` DESC
2018-12-31 08:27:58-SELECT * FROM `t_products` WHERE `typeid` = "1" AND `active` = "1" AND `isdelete` = "0" ORDER BY `sort_num` DESC
2018-12-31 08:27:58-SELECT * FROM `t_products` WHERE `typeid` = "2" AND `active` = "1" AND `isdelete` = "0" ORDER BY `sort_num` DESC
2018-12-31 08:28:01-SELECT * FROM `t_products_type` WHERE `active` = "1" AND `isdelete` = "0" ORDER BY `sort_num` DESC
2018-12-31 08:28:01-SELECT * FROM `t_products` WHERE `typeid` = "1" AND `active` = "1" AND `isdelete` = "0" ORDER BY `sort_num` DESC
2018-12-31 08:28:01-SELECT * FROM `t_products` WHERE `typeid` = "2" AND `active` = "1" AND `isdelete` = "0" ORDER BY `sort_num` DESC
2018-12-31 08:40:46-SELECT * FROM `t_config`
2018-12-31 08:40:46-SELECT * FROM `t_products_type` WHERE `active` = "1" AND `isdelete` = "0" ORDER BY `sort_num` DESC
2018-12-31 08:40:46-SELECT * FROM `t_products` WHERE `typeid` = "1" AND `active` = "1" AND `isdelete` = "0" ORDER BY `sort_num` DESC
2018-12-31 08:40:46-SELECT * FROM `t_products` WHERE `typeid` = "2" AND `active` = "1" AND `isdelete` = "0" ORDER BY `sort_num` DESC
2018-12-31 08:40:58-SELECT * FROM `t_products` WHERE `id` = "1" AND `active` = "1" AND `isdelete` = "0" LIMIT 1
2018-12-31 08:40:58-SELECT * FROM `t_payment` WHERE `active` = "1"
2018-12-31 08:40:58-SELECT * FROM `t_products` WHERE `id` = "1" AND `active` = "1" AND `isdelete` = "0" LIMIT 1
2018-12-31 08:40:59-SELECT * FROM `t_products` WHERE `id` = "1" AND `active` = "1" AND `isdelete` = "0" LIMIT 1
2018-12-31 08:41:58-SELECT * FROM `t_products` WHERE `id` = "1" AND `active` = "1" AND `isdelete` = "0" LIMIT 1
2018-12-31 08:42:22-SELECT * FROM `t_products_type` WHERE `active` = "1" AND `isdelete` = "0" ORDER BY `sort_num` DESC
2018-12-31 08:42:22-SELECT * FROM `t_products` WHERE `typeid` = "1" AND `active` = "1" AND `isdelete` = "0" ORDER BY `sort_num` DESC
2018-12-31 08:42:22-SELECT * FROM `t_products` WHERE `typeid` = "2" AND `active` = "1" AND `isdelete` = "0" ORDER BY `sort_num` DESC
2018-12-31 08:50:57-SELECT * FROM `t_config`
2018-12-31 08:50:57-SELECT * FROM `t_products_type` WHERE `active` = "1" AND `isdelete` = "0" ORDER BY `sort_num` DESC
2018-12-31 08:50:57-SELECT * FROM `t_products` WHERE `typeid` = "1" AND `active` = "1" AND `isdelete` = "0" ORDER BY `sort_num` DESC
2018-12-31 08:50:57-SELECT * FROM `t_products` WHERE `typeid` = "2" AND `active` = "1" AND `isdelete` = "0" ORDER BY `sort_num` DESC
2018-12-31 08:51:05-SELECT * FROM `t_products_type` WHERE `active` = "1" AND `isdelete` = "0" ORDER BY `sort_num` DESC
2018-12-31 08:51:05-SELECT * FROM `t_products` WHERE `typeid` = "1" AND `active` = "1" AND `isdelete` = "0" ORDER BY `sort_num` DESC
2018-12-31 08:51:05-SELECT * FROM `t_products` WHERE `typeid` = "2" AND `active` = "1" AND `isdelete` = "0" ORDER BY `sort_num` DESC
2018-12-31 08:51:08-SELECT * FROM `t_products` WHERE `id` = "1" AND `active` = "1" AND `isdelete` = "0" LIMIT 1
2018-12-31 08:51:08-SELECT * FROM `t_payment` WHERE `active` = "1"
2018-12-31 08:51:10-SELECT * FROM `t_products_type` WHERE `active` = "1" AND `isdelete` = "0" ORDER BY `sort_num` DESC
2018-12-31 08:51:10-SELECT * FROM `t_products` WHERE `typeid` = "1" AND `active` = "1" AND `isdelete` = "0" ORDER BY `sort_num` DESC
2018-12-31 08:51:10-SELECT * FROM `t_products` WHERE `typeid` = "2" AND `active` = "1" AND `isdelete` = "0" ORDER BY `sort_num` DESC
2018-12-31 08:51:14-SELECT * FROM `t_products` WHERE `id` = "1" AND `active` = "1" AND `isdelete` = "0" LIMIT 1
2018-12-31 08:56:47-SELECT * FROM `t_products_type` WHERE `active` = "1" AND `isdelete` = "0" ORDER BY `sort_num` DESC
2018-12-31 08:56:47-SELECT * FROM `t_products` WHERE `typeid` = "1" AND `active` = "1" AND `isdelete` = "0" ORDER BY `sort_num` DESC
2018-12-31 08:56:47-SELECT * FROM `t_products` WHERE `typeid` = "2" AND `active` = "1" AND `isdelete` = "0" ORDER BY `sort_num` DESC
2018-12-31 09:08:02-SELECT * FROM `t_config`
2018-12-31 09:08:02-SELECT * FROM `t_products_type` WHERE `active` = "1" AND `isdelete` = "0" ORDER BY `sort_num` DESC
2018-12-31 09:08:02-SELECT * FROM `t_products` WHERE `typeid` = "1" AND `active` = "1" AND `isdelete` = "0" ORDER BY `sort_num` DESC
2018-12-31 09:08:02-SELECT * FROM `t_products` WHERE `typeid` = "2" AND `active` = "1" AND `isdelete` = "0" ORDER BY `sort_num` DESC
2018-12-31 09:12:23-SELECT * FROM `t_products_type` WHERE `active` = "1" AND `isdelete` = "0" ORDER BY `sort_num` DESC
2018-12-31 09:12:23-SELECT * FROM `t_products` WHERE `typeid` = "1" AND `active` = "1" AND `isdelete` = "0" ORDER BY `sort_num` DESC
2018-12-31 09:12:23-SELECT * FROM `t_products` WHERE `typeid` = "2" AND `active` = "1" AND `isdelete` = "0" ORDER BY `sort_num` DESC
2018-12-31 09:12:30-SELECT * FROM `t_products_type` WHERE `active` = "1" AND `isdelete` = "0" ORDER BY `sort_num` DESC
2018-12-31 09:12:30-SELECT * FROM `t_products` WHERE `typeid` = "1" AND `active` = "1" AND `isdelete` = "0" ORDER BY `sort_num` DESC
2018-12-31 09:12:30-SELECT * FROM `t_products` WHERE `typeid` = "2" AND `active` = "1" AND `isdelete` = "0" ORDER BY `sort_num` DESC
2018-12-31 09:34:15-SELECT * FROM `t_config`
2018-12-31 09:34:15-SELECT * FROM `t_products_type` WHERE `active` = "1" AND `isdelete` = "0" ORDER BY `sort_num` DESC
2018-12-31 09:34:15-SELECT * FROM `t_products` WHERE `typeid` = "1" AND `active` = "1" AND `isdelete` = "0" ORDER BY `sort_num` DESC
2018-12-31 09:34:15-SELECT * FROM `t_products` WHERE `typeid` = "2" AND `active` = "1" AND `isdelete` = "0" ORDER BY `sort_num` DESC
2018-12-31 09:39:07-SELECT * FROM `t_products_type` WHERE `active` = "1" AND `isdelete` = "0" ORDER BY `sort_num` DESC
2018-12-31 09:39:07-SELECT * FROM `t_products` WHERE `typeid` = "1" AND `active` = "1" AND `isdelete` = "0" ORDER BY `sort_num` DESC
2018-12-31 09:39:07-SELECT * FROM `t_products` WHERE `typeid` = "2" AND `active` = "1" AND `isdelete` = "0" ORDER BY `sort_num` DESC
2018-12-31 09:39:29-SELECT * FROM `t_products_type` WHERE `active` = "1" AND `isdelete` = "0" ORDER BY `sort_num` DESC
2018-12-31 09:39:29-SELECT * FROM `t_products` WHERE `typeid` = "1" AND `active` = "1" AND `isdelete` = "0" ORDER BY `sort_num` DESC
2018-12-31 09:39:29-SELECT * FROM `t_products` WHERE `typeid` = "2" AND `active` = "1" AND `isdelete` = "0" ORDER BY `sort_num` DESC
2018-12-31 09:39:51-SELECT * FROM `t_products_type` WHERE `active` = "1" AND `isdelete` = "0" ORDER BY `sort_num` DESC
2018-12-31 09:39:51-SELECT * FROM `t_products` WHERE `typeid` = "1" AND `active` = "1" AND `isdelete` = "0" ORDER BY `sort_num` DESC
2018-12-31 09:39:51-SELECT * FROM `t_products` WHERE `typeid` = "2" AND `active` = "1" AND `isdelete` = "0" ORDER BY `sort_num` DESC
2018-12-31 09:52:23-SELECT * FROM `t_config`
2018-12-31 09:52:23-SELECT * FROM `t_products_type` WHERE `active` = "1" AND `isdelete` = "0" ORDER BY `sort_num` DESC
2018-12-31 09:52:23-SELECT * FROM `t_products` WHERE `typeid` = "1" AND `active` = "1" AND `isdelete` = "0" ORDER BY `sort_num` DESC
2018-12-31 09:52:23-SELECT * FROM `t_products` WHERE `typeid` = "2" AND `active` = "1" AND `isdelete` = "0" ORDER BY `sort_num` DESC
2018-12-31 09:55:55-SELECT * FROM `t_products_type` WHERE `active` = "1" AND `isdelete` = "0" ORDER BY `sort_num` DESC
2018-12-31 09:55:55-SELECT * FROM `t_products` WHERE `typeid` = "1" AND `active` = "1" AND `isdelete` = "0" ORDER BY `sort_num` DESC
2018-12-31 09:55:55-SELECT * FROM `t_products` WHERE `typeid` = "2" AND `active` = "1" AND `isdelete` = "0" ORDER BY `sort_num` DESC
2018-12-31 10:08:11-SELECT * FROM `t_config`
2018-12-31 10:08:11-SELECT * FROM `t_products_type` WHERE `active` = "1" AND `isdelete` = "0" ORDER BY `sort_num` DESC
2018-12-31 10:08:11-SELECT * FROM `t_products` WHERE `typeid` = "1" AND `active` = "1" AND `isdelete` = "0" ORDER BY `sort_num` DESC
2018-12-31 10:08:11-SELECT * FROM `t_products` WHERE `typeid` = "2" AND `active` = "1" AND `isdelete` = "0" ORDER BY `sort_num` DESC
2018-12-31 10:08:47-SELECT * FROM `t_products_type` WHERE `active` = "1" AND `isdelete` = "0" ORDER BY `sort_num` DESC
2018-12-31 10:08:47-SELECT * FROM `t_products` WHERE `typeid` = "1" AND `active` = "1" AND `isdelete` = "0" ORDER BY `sort_num` DESC
2018-12-31 10:08:47-SELECT * FROM `t_products` WHERE `typeid` = "2" AND `active` = "1" AND `isdelete` = "0" ORDER BY `sort_num` DESC
2018-12-31 10:14:14-SELECT * FROM `t_products_type` WHERE `active` = "1" AND `isdelete` = "0" ORDER BY `sort_num` DESC
2018-12-31 10:14:14-SELECT * FROM `t_products` WHERE `typeid` = "1" AND `active` = "1" AND `isdelete` = "0" ORDER BY `sort_num` DESC
2018-12-31 10:14:14-SELECT * FROM `t_products` WHERE `typeid` = "2" AND `active` = "1" AND `isdelete` = "0" ORDER BY `sort_num` DESC
2018-12-31 10:17:27-SELECT * FROM `t_products_type` WHERE `active` = "1" AND `isdelete` = "0" ORDER BY `sort_num` DESC
2018-12-31 10:17:27-SELECT * FROM `t_products` WHERE `typeid` = "1" AND `active` = "1" AND `isdelete` = "0" ORDER BY `sort_num` DESC
2018-12-31 10:17:27-SELECT * FROM `t_products` WHERE `typeid` = "2" AND `active` = "1" AND `isdelete` = "0" ORDER BY `sort_num` DESC
2018-12-31 10:21:50-SELECT * FROM `t_config`
2018-12-31 10:21:50-SELECT * FROM `t_products_type` WHERE `active` = "1" AND `isdelete` = "0" ORDER BY `sort_num` DESC
2018-12-31 10:21:50-SELECT * FROM `t_products` WHERE `typeid` = "1" AND `active` = "1" AND `isdelete` = "0" ORDER BY `sort_num` DESC
2018-12-31 10:21:50-SELECT * FROM `t_products` WHERE `typeid` = "2" AND `active` = "1" AND `isdelete` = "0" ORDER BY `sort_num` DESC
2018-12-31 10:21:50-SELECT * FROM `t_products_type` WHERE `active` = "1" AND `isdelete` = "0" ORDER BY `sort_num` DESC
2018-12-31 10:21:50-SELECT * FROM `t_products` WHERE `typeid` = "1" AND `active` = "1" AND `isdelete` = "0" ORDER BY `sort_num` DESC
2018-12-31 10:21:50-SELECT * FROM `t_products` WHERE `typeid` = "2" AND `active` = "1" AND `isdelete` = "0" ORDER BY `sort_num` DESC
2018-12-31 10:22:30-SELECT * FROM `t_products_type` WHERE `active` = "1" AND `isdelete` = "0" ORDER BY `sort_num` DESC
2018-12-31 10:22:30-SELECT * FROM `t_products` WHERE `typeid` = "1" AND `active` = "1" AND `isdelete` = "0" ORDER BY `sort_num` DESC
2018-12-31 10:22:30-SELECT * FROM `t_products` WHERE `typeid` = "2" AND `active` = "1" AND `isdelete` = "0" ORDER BY `sort_num` DESC
2018-12-31 10:26:04-SELECT * FROM `t_products_type` WHERE `active` = "1" AND `isdelete` = "0" ORDER BY `sort_num` DESC
2018-12-31 10:26:04-SELECT * FROM `t_products` WHERE `typeid` = "1" AND `active` = "1" AND `isdelete` = "0" ORDER BY `sort_num` DESC
2018-12-31 10:26:04-SELECT * FROM `t_products` WHERE `typeid` = "2" AND `active` = "1" AND `isdelete` = "0" ORDER BY `sort_num` DESC
2018-12-31 10:28:02-SELECT * FROM `t_products_type` WHERE `active` = "1" AND `isdelete` = "0" ORDER BY `sort_num` DESC
2018-12-31 10:28:02-SELECT * FROM `t_products` WHERE `typeid` = "1" AND `active` = "1" AND `isdelete` = "0" ORDER BY `sort_num` DESC
2018-12-31 10:28:02-SELECT * FROM `t_products` WHERE `typeid` = "2" AND `active` = "1" AND `isdelete` = "0" ORDER BY `sort_num` DESC
2018-12-31 10:29:26-SELECT * FROM `t_products_type` WHERE `active` = "1" AND `isdelete` = "0" ORDER BY `sort_num` DESC
2018-12-31 10:29:26-SELECT * FROM `t_products` WHERE `typeid` = "1" AND `active` = "1" AND `isdelete` = "0" ORDER BY `sort_num` DESC
2018-12-31 10:29:26-SELECT * FROM `t_products` WHERE `typeid` = "2" AND `active` = "1" AND `isdelete` = "0" ORDER BY `sort_num` DESC
2018-12-31 10:37:01-SELECT * FROM `t_config`
2018-12-31 10:37:01-SELECT * FROM `t_products_type` WHERE `active` = "1" AND `isdelete` = "0" ORDER BY `sort_num` DESC
2018-12-31 10:37:01-SELECT * FROM `t_products` WHERE `typeid` = "1" AND `active` = "1" AND `isdelete` = "0" ORDER BY `sort_num` DESC
2018-12-31 10:37:01-SELECT * FROM `t_products` WHERE `typeid` = "2" AND `active` = "1" AND `isdelete` = "0" ORDER BY `sort_num` DESC
2018-12-31 10:37:32-SELECT * FROM `t_products_type` WHERE `active` = "1" AND `isdelete` = "0" ORDER BY `sort_num` DESC
2018-12-31 10:37:32-SELECT * FROM `t_products` WHERE `typeid` = "1" AND `active` = "1" AND `isdelete` = "0" ORDER BY `sort_num` DESC
2018-12-31 10:37:32-SELECT * FROM `t_products` WHERE `typeid` = "2" AND `active` = "1" AND `isdelete` = "0" ORDER BY `sort_num` DESC
2018-12-31 10:37:50-SELECT * FROM `t_products_type` WHERE `active` = "1" AND `isdelete` = "0" ORDER BY `sort_num` DESC
2018-12-31 10:37:50-SELECT * FROM `t_products` WHERE `typeid` = "1" AND `active` = "1" AND `isdelete` = "0" ORDER BY `sort_num` DESC
2018-12-31 10:37:50-SELECT * FROM `t_products` WHERE `typeid` = "2" AND `active` = "1" AND `isdelete` = "0" ORDER BY `sort_num` DESC
2018-12-31 10:37:53-SELECT * FROM `t_products` WHERE `id` = "1" AND `active` = "1" AND `isdelete` = "0" LIMIT 1
2018-12-31 10:37:53-SELECT * FROM `t_payment` WHERE `active` = "1"
2018-12-31 10:38:18-SELECT * FROM `t_products_type` WHERE `active` = "1" AND `isdelete` = "0" ORDER BY `sort_num` DESC
2018-12-31 10:38:18-SELECT * FROM `t_products` WHERE `typeid` = "1" AND `active` = "1" AND `isdelete` = "0" ORDER BY `sort_num` DESC
2018-12-31 10:38:18-SELECT * FROM `t_products` WHERE `typeid` = "2" AND `active` = "1" AND `isdelete` = "0" ORDER BY `sort_num` DESC
2018-12-31 10:44:31-SELECT * FROM `t_products_type` WHERE `active` = "1" AND `isdelete` = "0" ORDER BY `sort_num` DESC
2018-12-31 10:44:31-SELECT * FROM `t_products` WHERE `typeid` = "1" AND `active` = "1" AND `isdelete` = "0" ORDER BY `sort_num` DESC
2018-12-31 10:44:31-SELECT * FROM `t_products` WHERE `typeid` = "2" AND `active` = "1" AND `isdelete` = "0" ORDER BY `sort_num` DESC
2018-12-31 10:44:35-SELECT * FROM `t_products` WHERE `id` = "3" AND `active` = "1" AND `isdelete` = "0" LIMIT 1
2018-12-31 10:44:36-SELECT * FROM `t_products` WHERE `id` = "3" AND `active` = "1" AND `isdelete` = "0" LIMIT 1
2018-12-31 10:44:36-SELECT * FROM `t_products` WHERE `id` = "3" AND `active` = "1" AND `isdelete` = "0" LIMIT 1
2018-12-31 10:45:29-SELECT * FROM `t_products_type` WHERE `active` = "1" AND `isdelete` = "0" ORDER BY `sort_num` DESC
2018-12-31 10:45:29-SELECT * FROM `t_products` WHERE `typeid` = "1" AND `active` = "1" AND `isdelete` = "0" ORDER BY `sort_num` DESC
2018-12-31 10:45:29-SELECT * FROM `t_products` WHERE `typeid` = "2" AND `active` = "1" AND `isdelete` = "0" ORDER BY `sort_num` DESC
2018-12-31 10:46:29-SELECT * FROM `t_products_type` WHERE `active` = "1" AND `isdelete` = "0" ORDER BY `sort_num` DESC
2018-12-31 10:46:29-SELECT * FROM `t_products` WHERE `typeid` = "1" AND `active` = "1" AND `isdelete` = "0" ORDER BY `sort_num` DESC
2018-12-31 10:46:29-SELECT * FROM `t_products` WHERE `typeid` = "2" AND `active` = "1" AND `isdelete` = "0" ORDER BY `sort_num` DESC
2018-12-31 10:47:21-SELECT * FROM `t_config`
2018-12-31 10:47:21-SELECT * FROM `t_products_type` WHERE `active` = "1" AND `isdelete` = "0" ORDER BY `sort_num` DESC
2018-12-31 10:47:21-SELECT * FROM `t_products` WHERE `typeid` = "1" AND `active` = "1" AND `isdelete` = "0" ORDER BY `sort_num` DESC
2018-12-31 10:47:21-SELECT * FROM `t_products` WHERE `typeid` = "2" AND `active` = "1" AND `isdelete` = "0" ORDER BY `sort_num` DESC
2018-12-31 10:59:44-SELECT * FROM `t_config`
2018-12-31 10:59:44-SELECT * FROM `t_products_type` WHERE `active` = "1" AND `isdelete` = "0" ORDER BY `sort_num` DESC
2018-12-31 10:59:44-SELECT * FROM `t_products` WHERE `typeid` = "1" AND `active` = "1" AND `isdelete` = "0" ORDER BY `sort_num` DESC
2018-12-31 10:59:44-SELECT * FROM `t_products` WHERE `typeid` = "2" AND `active` = "1" AND `isdelete` = "0" ORDER BY `sort_num` DESC
2018-12-31 11:00:07-SELECT * FROM `t_products_type` WHERE `active` = "1" AND `isdelete` = "0" ORDER BY `sort_num` DESC
2018-12-31 11:00:07-SELECT * FROM `t_products` WHERE `typeid` = "1" AND `active` = "1" AND `isdelete` = "0" ORDER BY `sort_num` DESC
2018-12-31 11:00:07-SELECT * FROM `t_products` WHERE `typeid` = "2" AND `active` = "1" AND `isdelete` = "0" ORDER BY `sort_num` DESC
2018-12-31 11:00:30-SELECT * FROM `t_products_type` WHERE `active` = "1" AND `isdelete` = "0" ORDER BY `sort_num` DESC
2018-12-31 11:00:30-SELECT * FROM `t_products` WHERE `typeid` = "1" AND `active` = "1" AND `isdelete` = "0" ORDER BY `sort_num` DESC
2018-12-31 11:00:30-SELECT * FROM `t_products` WHERE `typeid` = "2" AND `active` = "1" AND `isdelete` = "0" ORDER BY `sort_num` DESC
2018-12-31 11:01:30-SELECT * FROM `t_products_type` WHERE `active` = "1" AND `isdelete` = "0" ORDER BY `sort_num` DESC
2018-12-31 11:01:30-SELECT * FROM `t_products` WHERE `typeid` = "1" AND `active` = "1" AND `isdelete` = "0" ORDER BY `sort_num` DESC
2018-12-31 11:01:30-SELECT * FROM `t_products` WHERE `typeid` = "2" AND `active` = "1" AND `isdelete` = "0" ORDER BY `sort_num` DESC
2018-12-31 11:04:04-SELECT * FROM `t_products_type` WHERE `active` = "1" AND `isdelete` = "0" ORDER BY `sort_num` DESC
2018-12-31 11:04:04-SELECT * FROM `t_products` WHERE `typeid` = "1" AND `active` = "1" AND `isdelete` = "0" ORDER BY `sort_num` DESC
2018-12-31 11:04:04-SELECT * FROM `t_products` WHERE `typeid` = "2" AND `active` = "1" AND `isdelete` = "0" ORDER BY `sort_num` DESC
2018-12-31 11:06:39-SELECT * FROM `t_products_type` WHERE `active` = "1" AND `isdelete` = "0" ORDER BY `sort_num` DESC
2018-12-31 11:06:39-SELECT * FROM `t_products` WHERE `typeid` = "1" AND `active` = "1" AND `isdelete` = "0" ORDER BY `sort_num` DESC
2018-12-31 11:06:39-SELECT * FROM `t_products` WHERE `typeid` = "2" AND `active` = "1" AND `isdelete` = "0" ORDER BY `sort_num` DESC
2018-12-31 11:06:49-SELECT * FROM `t_products_type` WHERE `active` = "1" AND `isdelete` = "0" ORDER BY `sort_num` DESC
2018-12-31 11:06:49-SELECT * FROM `t_products` WHERE `typeid` = "1" AND `active` = "1" AND `isdelete` = "0" ORDER BY `sort_num` DESC
2018-12-31 11:06:49-SELECT * FROM `t_products` WHERE `typeid` = "2" AND `active` = "1" AND `isdelete` = "0" ORDER BY `sort_num` DESC
2018-12-31 11:06:51-SELECT * FROM `t_products` WHERE `id` = "2" AND `active` = "1" AND `isdelete` = "0" LIMIT 1
2018-12-31 11:06:51-SELECT * FROM `t_payment` WHERE `active` = "1"
2018-12-31 11:06:51-SELECT * FROM `t_products` WHERE `id` = "2" AND `active` = "1" AND `isdelete` = "0" LIMIT 1
2018-12-31 11:24:25-SELECT * FROM `t_config`
2018-12-31 11:24:25-SELECT * FROM `t_products_type` WHERE `active` = "1" AND `isdelete` = "0" ORDER BY `sort_num` DESC
2018-12-31 11:24:25-SELECT * FROM `t_products` WHERE `typeid` = "1" AND `active` = "1" AND `isdelete` = "0" ORDER BY `sort_num` DESC
2018-12-31 11:24:25-SELECT * FROM `t_products` WHERE `typeid` = "2" AND `active` = "1" AND `isdelete` = "0" ORDER BY `sort_num` DESC
2018-12-31 11:24:47-SELECT * FROM `t_products` WHERE `id` = "3" AND `active` = "1" AND `isdelete` = "0" LIMIT 1
2018-12-31 11:24:47-SELECT * FROM `t_payment` WHERE `active` = "1"
2018-12-31 11:31:03-SELECT * FROM `t_products_type` WHERE `active` = "1" AND `isdelete` = "0" ORDER BY `sort_num` DESC
2018-12-31 11:31:03-SELECT * FROM `t_products` WHERE `typeid` = "1" AND `active` = "1" AND `isdelete` = "0" ORDER BY `sort_num` DESC
2018-12-31 11:31:03-SELECT * FROM `t_products` WHERE `typeid` = "2" AND `active` = "1" AND `isdelete` = "0" ORDER BY `sort_num` DESC
2018-12-31 11:31:11-SELECT * FROM `t_products` WHERE `id` = "1" AND `active` = "1" AND `isdelete` = "0" LIMIT 1
2018-12-31 11:31:14-SELECT * FROM `t_products_type` WHERE `active` = "1" AND `isdelete` = "0" ORDER BY `sort_num` DESC
2018-12-31 11:31:14-SELECT * FROM `t_products` WHERE `typeid` = "1" AND `active` = "1" AND `isdelete` = "0" ORDER BY `sort_num` DESC
2018-12-31 11:31:14-SELECT * FROM `t_products` WHERE `typeid` = "2" AND `active` = "1" AND `isdelete` = "0" ORDER BY `sort_num` DESC
2018-12-31 11:35:47-SELECT * FROM `t_config`
2018-12-31 11:35:47-SELECT * FROM `t_products_type` WHERE `active` = "1" AND `isdelete` = "0" ORDER BY `sort_num` DESC
2018-12-31 11:35:47-SELECT * FROM `t_products` WHERE `typeid` = "1" AND `active` = "1" AND `isdelete` = "0" ORDER BY `sort_num` DESC
2018-12-31 11:35:47-SELECT * FROM `t_products` WHERE `typeid` = "2" AND `active` = "1" AND `isdelete` = "0" ORDER BY `sort_num` DESC
2018-12-31 11:46:21-SELECT * FROM `t_config`
2018-12-31 11:46:21-SELECT * FROM `t_products_type` WHERE `active` = "1" AND `isdelete` = "0" ORDER BY `sort_num` DESC
2018-12-31 11:46:21-SELECT * FROM `t_products` WHERE `typeid` = "1" AND `active` = "1" AND `isdelete` = "0" ORDER BY `sort_num` DESC
2018-12-31 11:46:21-SELECT * FROM `t_products` WHERE `typeid` = "2" AND `active` = "1" AND `isdelete` = "0" ORDER BY `sort_num` DESC
2018-12-31 11:46:35-SELECT * FROM `t_products` WHERE `id` = "2" AND `active` = "1" AND `isdelete` = "0" LIMIT 1
2018-12-31 11:46:35-SELECT * FROM `t_payment` WHERE `active` = "1"
2018-12-31 11:47:35-SELECT * FROM `t_products` WHERE `id` = "2" AND `active` = "1" AND `isdelete` = "0" LIMIT 1
2018-12-31 12:14:36-SELECT * FROM `t_config`
2018-12-31 12:14:36-SELECT * FROM `t_products_type` WHERE `active` = "1" AND `isdelete` = "0" ORDER BY `sort_num` DESC
2018-12-31 12:14:36-SELECT * FROM `t_products` WHERE `typeid` = "1" AND `active` = "1" AND `isdelete` = "0" ORDER BY `sort_num` DESC
2018-12-31 12:14:36-SELECT * FROM `t_products` WHERE `typeid` = "2" AND `active` = "1" AND `isdelete` = "0" ORDER BY `sort_num` DESC
2018-12-31 12:14:55-SELECT * FROM `t_products` WHERE `id` = "2" AND `active` = "1" AND `isdelete` = "0" LIMIT 1
2018-12-31 12:14:55-SELECT * FROM `t_payment` WHERE `active` = "1"
2018-12-31 12:15:08-SELECT * FROM `t_products` WHERE `id` = "1" AND `active` = "1" AND `isdelete` = "0" LIMIT 1
2018-12-31 12:25:01-SELECT * FROM `t_config`
2018-12-31 12:25:01-SELECT * FROM `t_products_type` WHERE `active` = "1" AND `isdelete` = "0" ORDER BY `sort_num` DESC
2018-12-31 12:25:01-SELECT * FROM `t_products` WHERE `typeid` = "1" AND `active` = "1" AND `isdelete` = "0" ORDER BY `sort_num` DESC
2018-12-31 12:25:01-SELECT * FROM `t_products` WHERE `typeid` = "2" AND `active` = "1" AND `isdelete` = "0" ORDER BY `sort_num` DESC
2018-12-31 12:25:19-SELECT * FROM `t_products` WHERE `id` = "1" AND `active` = "1" AND `isdelete` = "0" LIMIT 1
2018-12-31 12:25:19-SELECT * FROM `t_payment` WHERE `active` = "1"
2018-12-31 12:25:26-SELECT * FROM `t_products_type` WHERE `active` = "1" AND `isdelete` = "0" ORDER BY `sort_num` DESC
2018-12-31 12:25:26-SELECT * FROM `t_products` WHERE `typeid` = "1" AND `active` = "1" AND `isdelete` = "0" ORDER BY `sort_num` DESC
2018-12-31 12:25:26-SELECT * FROM `t_products` WHERE `typeid` = "2" AND `active` = "1" AND `isdelete` = "0" ORDER BY `sort_num` DESC
2018-12-31 12:29:02-SELECT * FROM `t_products_type` WHERE `active` = "1" AND `isdelete` = "0" ORDER BY `sort_num` DESC
2018-12-31 12:29:02-SELECT * FROM `t_products` WHERE `typeid` = "1" AND `active` = "1" AND `isdelete` = "0" ORDER BY `sort_num` DESC
2018-12-31 12:29:02-SELECT * FROM `t_products` WHERE `typeid` = "2" AND `active` = "1" AND `isdelete` = "0" ORDER BY `sort_num` DESC
2018-12-31 12:50:30-SELECT * FROM `t_config`
2018-12-31 12:50:30-SELECT * FROM `t_products_type` WHERE `active` = "1" AND `isdelete` = "0" ORDER BY `sort_num` DESC
2018-12-31 12:50:30-SELECT * FROM `t_products` WHERE `typeid` = "1" AND `active` = "1" AND `isdelete` = "0" ORDER BY `sort_num` DESC
2018-12-31 12:50:30-SELECT * FROM `t_products` WHERE `typeid` = "2" AND `active` = "1" AND `isdelete` = "0" ORDER BY `sort_num` DESC
2018-12-31 13:01:21-SELECT * FROM `t_config`
2018-12-31 13:01:21-SELECT * FROM `t_products_type` WHERE `active` = "1" AND `isdelete` = "0" ORDER BY `sort_num` DESC
2018-12-31 13:01:21-SELECT * FROM `t_products` WHERE `typeid` = "1" AND `active` = "1" AND `isdelete` = "0" ORDER BY `sort_num` DESC
2018-12-31 13:01:21-SELECT * FROM `t_products` WHERE `typeid` = "2" AND `active` = "1" AND `isdelete` = "0" ORDER BY `sort_num` DESC
2018-12-31 13:42:42-SELECT * FROM `t_config`
2018-12-31 13:42:42-SELECT * FROM `t_products_type` WHERE `active` = "1" AND `isdelete` = "0" ORDER BY `sort_num` DESC
2018-12-31 13:42:42-SELECT * FROM `t_products` WHERE `typeid` = "1" AND `active` = "1" AND `isdelete` = "0" ORDER BY `sort_num` DESC
2018-12-31 13:42:42-SELECT * FROM `t_products` WHERE `typeid` = "2" AND `active` = "1" AND `isdelete` = "0" ORDER BY `sort_num` DESC
2018-12-31 13:52:26-SELECT * FROM `t_products_type` WHERE `active` = "1" AND `isdelete` = "0" ORDER BY `sort_num` DESC
2018-12-31 13:52:26-SELECT * FROM `t_products` WHERE `typeid` = "1" AND `active` = "1" AND `isdelete` = "0" ORDER BY `sort_num` DESC
2018-12-31 13:52:26-SELECT * FROM `t_products` WHERE `typeid` = "2" AND `active` = "1" AND `isdelete` = "0" ORDER BY `sort_num` DESC
2018-12-31 13:52:26-SELECT * FROM `t_products_type` WHERE `active` = "1" AND `isdelete` = "0" ORDER BY `sort_num` DESC
2018-12-31 13:52:26-SELECT * FROM `t_products` WHERE `typeid` = "1" AND `active` = "1" AND `isdelete` = "0" ORDER BY `sort_num` DESC
2018-12-31 13:52:26-SELECT * FROM `t_products` WHERE `typeid` = "2" AND `active` = "1" AND `isdelete` = "0" ORDER BY `sort_num` DESC
2018-12-31 14:22:11-SELECT * FROM `t_config`
2018-12-31 14:22:11-SELECT * FROM `t_products_type` WHERE `active` = "1" AND `isdelete` = "0" ORDER BY `sort_num` DESC
2018-12-31 14:22:11-SELECT * FROM `t_products` WHERE `typeid` = "1" AND `active` = "1" AND `isdelete` = "0" ORDER BY `sort_num` DESC
2018-12-31 14:22:11-SELECT * FROM `t_products` WHERE `typeid` = "2" AND `active` = "1" AND `isdelete` = "0" ORDER BY `sort_num` DESC
2018-12-31 14:22:13-SELECT * FROM `t_products_type` WHERE `active` = "1" AND `isdelete` = "0" ORDER BY `sort_num` DESC
2018-12-31 14:22:13-SELECT * FROM `t_products` WHERE `typeid` = "1" AND `active` = "1" AND `isdelete` = "0" ORDER BY `sort_num` DESC
2018-12-31 14:22:13-SELECT * FROM `t_products` WHERE `typeid` = "2" AND `active` = "1" AND `isdelete` = "0" ORDER BY `sort_num` DESC
2018-12-31 14:22:13-SELECT * FROM `t_products_type` WHERE `active` = "1" AND `isdelete` = "0" ORDER BY `sort_num` DESC
2018-12-31 14:22:13-SELECT * FROM `t_products` WHERE `typeid` = "1" AND `active` = "1" AND `isdelete` = "0" ORDER BY `sort_num` DESC
2018-12-31 14:22:13-SELECT * FROM `t_products` WHERE `typeid` = "2" AND `active` = "1" AND `isdelete` = "0" ORDER BY `sort_num` DESC
2018-12-31 14:49:28-SELECT * FROM `t_config`
2018-12-31 14:49:28-SELECT * FROM `t_products` WHERE `id` = "2" AND `active` = "1" AND `isdelete` = "0" LIMIT 1
2018-12-31 14:49:28-SELECT * FROM `t_payment` WHERE `active` = "1"
2018-12-31 14:50:12-SELECT `id` FROM `t_user` WHERE `email` = "2334363362@qq.com" LIMIT 1
2018-12-31 14:50:12-INSERT INTO t_user (`email`,`nickname`,`createtime`,`password`,`qq`,`tag`,`groupid`,`integral`,`money`) VALUES ('2334363362@qq.com','154936649','1546239012','3c15553cfa32e1f8e7b8e9fd238dcf5c','','','1','0','0')
2018-12-31 14:50:12-SELECT * FROM `t_user_group`
2018-12-31 14:50:12-SELECT * FROM `t_products_type` WHERE `active` = "1" AND `isdelete` = "0" ORDER BY `sort_num` DESC
2018-12-31 14:50:12-SELECT * FROM `t_products` WHERE `typeid` = "1" AND `active` = "1" AND `isdelete` = "0" ORDER BY `sort_num` DESC
2018-12-31 14:50:12-SELECT * FROM `t_products` WHERE `typeid` = "2" AND `active` = "1" AND `isdelete` = "0" ORDER BY `sort_num` DESC
2018-12-31 15:22:13-SELECT * FROM `t_config`
2018-12-31 15:22:13-SELECT * FROM `t_products_type` WHERE `active` = "1" AND `isdelete` = "0" ORDER BY `sort_num` DESC
2018-12-31 15:22:13-SELECT * FROM `t_products` WHERE `typeid` = "1" AND `active` = "1" AND `isdelete` = "0" ORDER BY `sort_num` DESC
2018-12-31 15:22:13-SELECT * FROM `t_products` WHERE `typeid` = "2" AND `active` = "1" AND `isdelete` = "0" ORDER BY `sort_num` DESC
2018-12-31 15:50:05-SELECT * FROM `t_config`
2018-12-31 15:50:05-SELECT * FROM `t_products_type` WHERE `active` = "1" AND `isdelete` = "0" ORDER BY `sort_num` DESC
2018-12-31 15:50:05-SELECT * FROM `t_products` WHERE `typeid` = "1" AND `active` = "1" AND `isdelete` = "0" ORDER BY `sort_num` DESC
2018-12-31 15:50:05-SELECT * FROM `t_products` WHERE `typeid` = "2" AND `active` = "1" AND `isdelete` = "0" ORDER BY `sort_num` DESC
2018-12-31 15:53:36-SELECT * FROM `t_products_type` WHERE `active` = "1" AND `isdelete` = "0" ORDER BY `sort_num` DESC
2018-12-31 15:53:36-SELECT * FROM `t_products` WHERE `typeid` = "1" AND `active` = "1" AND `isdelete` = "0" ORDER BY `sort_num` DESC
2018-12-31 15:53:36-SELECT * FROM `t_products` WHERE `typeid` = "2" AND `active` = "1" AND `isdelete` = "0" ORDER BY `sort_num` DESC
2018-12-31 16:25:00-SELECT * FROM `t_config`
2018-12-31 16:25:00-SELECT * FROM `t_products_type` WHERE `active` = "1" AND `isdelete` = "0" ORDER BY `sort_num` DESC
2018-12-31 16:25:00-SELECT * FROM `t_products` WHERE `typeid` = "1" AND `active` = "1" AND `isdelete` = "0" ORDER BY `sort_num` DESC
2018-12-31 16:25:00-SELECT * FROM `t_products` WHERE `typeid` = "2" AND `active` = "1" AND `isdelete` = "0" ORDER BY `sort_num` DESC
2018-12-31 16:26:04-SELECT * FROM `t_products_type` WHERE `active` = "1" AND `isdelete` = "0" ORDER BY `sort_num` DESC
2018-12-31 16:26:04-SELECT * FROM `t_products` WHERE `typeid` = "1" AND `active` = "1" AND `isdelete` = "0" ORDER BY `sort_num` DESC
2018-12-31 16:26:04-SELECT * FROM `t_products` WHERE `typeid` = "2" AND `active` = "1" AND `isdelete` = "0" ORDER BY `sort_num` DESC
2018-12-31 16:26:17-SELECT * FROM `t_products` WHERE `id` = "2" AND `active` = "1" AND `isdelete` = "0" LIMIT 1
2018-12-31 16:26:17-SELECT * FROM `t_payment` WHERE `active` = "1"
2018-12-31 16:26:30-SELECT * FROM `t_products` WHERE `id` = "2" AND `active` = "1" AND `isdelete` = "0" LIMIT 1
2018-12-31 16:26:30-SELECT COUNT(*) AS `total` FROM `t_order` WHERE `ip` = "113.244.233.139" AND `status` = "0" AND `isdelete` = "0" AND addtime>=1546185600 and addtime<=1546271999 LIMIT 1
2018-12-31 16:26:30-SELECT COUNT(*) AS `total` FROM `t_order` WHERE `email` = "45645645645@qq.com" AND `status` = "0" AND `isdelete` = "0" AND addtime>=1546185600 and addtime<=1546271999 LIMIT 1
2018-12-31 16:26:30-SELECT * FROM `t_user` WHERE `email` = "45645645645@qq.com" LIMIT 1
2018-12-31 16:26:30-INSERT INTO t_order (`orderid`,`userid`,`email`,`qq`,`pid`,`productname`,`price`,`number`,`money`,`chapwd`,`ip`,`status`,`paymethod`,`addons`,`addtime`) VALUES ('sadnt2018123116263017628','0','45645645645@qq.com','45645645645','2','豪华黄钻20个月-详情看说明','110.00','1','110','456456456','113.244.233.139','0','codepayqq','请输入QQ账号:546456456;请输入QQ密码:456456456;','1546244790')
2018-12-31 16:26:30-SELECT * FROM `t_order` WHERE `id` = "79" AND `isdelete` = "0" LIMIT 1
2018-12-31 16:26:32-SELECT * FROM `t_order` WHERE `id` = "79" AND `isdelete` = "0" LIMIT 1
2018-12-31 16:26:34-SELECT * FROM `t_products_type` WHERE `active` = "1" AND `isdelete` = "0" ORDER BY `sort_num` DESC
2018-12-31 16:26:34-SELECT * FROM `t_products` WHERE `typeid` = "1" AND `active` = "1" AND `isdelete` = "0" ORDER BY `sort_num` DESC
2018-12-31 16:26:34-SELECT * FROM `t_products` WHERE `typeid` = "2" AND `active` = "1" AND `isdelete` = "0" ORDER BY `sort_num` DESC
2018-12-31 16:27:01-SELECT * FROM `t_products` WHERE `id` = "1" AND `active` = "1" AND `isdelete` = "0" LIMIT 1
2018-12-31 16:27:04-SELECT * FROM `t_products_type` WHERE `active` = "1" AND `isdelete` = "0" ORDER BY `sort_num` DESC
2018-12-31 16:27:04-SELECT * FROM `t_products` WHERE `typeid` = "1" AND `active` = "1" AND `isdelete` = "0" ORDER BY `sort_num` DESC
2018-12-31 16:27:04-SELECT * FROM `t_products` WHERE `typeid` = "2" AND `active` = "1" AND `isdelete` = "0" ORDER BY `sort_num` DESC
2018-12-31 16:27:09-SELECT * FROM `t_products_type` WHERE `active` = "1" AND `isdelete` = "0" ORDER BY `sort_num` DESC
2018-12-31 16:27:09-SELECT * FROM `t_products` WHERE `typeid` = "1" AND `active` = "1" AND `isdelete` = "0" ORDER BY `sort_num` DESC
2018-12-31 16:27:09-SELECT * FROM `t_products` WHERE `typeid` = "2" AND `active` = "1" AND `isdelete` = "0" ORDER BY `sort_num` DESC
2018-12-31 16:27:12-SELECT * FROM `t_products_type` WHERE `active` = "1" AND `isdelete` = "0" ORDER BY `sort_num` DESC
2018-12-31 16:27:12-SELECT * FROM `t_products` WHERE `typeid` = "1" AND `active` = "1" AND `isdelete` = "0" ORDER BY `sort_num` DESC
2018-12-31 16:27:12-SELECT * FROM `t_products` WHERE `typeid` = "2" AND `active` = "1" AND `isdelete` = "0" ORDER BY `sort_num` DESC
2018-12-31 16:29:50-SELECT * FROM `t_products_type` WHERE `active` = "1" AND `isdelete` = "0" ORDER BY `sort_num` DESC
2018-12-31 16:29:50-SELECT * FROM `t_products` WHERE `typeid` = "1" AND `active` = "1" AND `isdelete` = "0" ORDER BY `sort_num` DESC
2018-12-31 16:29:50-SELECT * FROM `t_products` WHERE `typeid` = "2" AND `active` = "1" AND `isdelete` = "0" ORDER BY `sort_num` DESC
2018-12-31 16:30:00-SELECT * FROM `t_products_type` WHERE `active` = "1" AND `isdelete` = "0" ORDER BY `sort_num` DESC
2018-12-31 16:30:00-SELECT * FROM `t_products` WHERE `typeid` = "1" AND `active` = "1" AND `isdelete` = "0" ORDER BY `sort_num` DESC
2018-12-31 16:30:00-SELECT * FROM `t_products` WHERE `typeid` = "2" AND `active` = "1" AND `isdelete` = "0" ORDER BY `sort_num` DESC
2018-12-31 16:30:31-SELECT * FROM `t_products_type` WHERE `active` = "1" AND `isdelete` = "0" ORDER BY `sort_num` DESC
2018-12-31 16:30:31-SELECT * FROM `t_products` WHERE `typeid` = "1" AND `active` = "1" AND `isdelete` = "0" ORDER BY `sort_num` DESC
2018-12-31 16:30:31-SELECT * FROM `t_products` WHERE `typeid` = "2" AND `active` = "1" AND `isdelete` = "0" ORDER BY `sort_num` DESC
2018-12-31 16:30:48-SELECT * FROM `t_products_type` WHERE `active` = "1" AND `isdelete` = "0" ORDER BY `sort_num` DESC
2018-12-31 16:30:48-SELECT * FROM `t_products` WHERE `typeid` = "1" AND `active` = "1" AND `isdelete` = "0" ORDER BY `sort_num` DESC
2018-12-31 16:30:48-SELECT * FROM `t_products` WHERE `typeid` = "2" AND `active` = "1" AND `isdelete` = "0" ORDER BY `sort_num` DESC
2018-12-31 16:31:04-SELECT * FROM `t_products_type` WHERE `active` = "1" AND `isdelete` = "0" ORDER BY `sort_num` DESC
2018-12-31 16:31:04-SELECT * FROM `t_products` WHERE `typeid` = "1" AND `active` = "1" AND `isdelete` = "0" ORDER BY `sort_num` DESC
2018-12-31 16:31:04-SELECT * FROM `t_products` WHERE `typeid` = "2" AND `active` = "1" AND `isdelete` = "0" ORDER BY `sort_num` DESC
2018-12-31 16:31:18-SELECT * FROM `t_products_type` WHERE `active` = "1" AND `isdelete` = "0" ORDER BY `sort_num` DESC
2018-12-31 16:31:18-SELECT * FROM `t_products` WHERE `typeid` = "1" AND `active` = "1" AND `isdelete` = "0" ORDER BY `sort_num` DESC
2018-12-31 16:31:18-SELECT * FROM `t_products` WHERE `typeid` = "2" AND `active` = "1" AND `isdelete` = "0" ORDER BY `sort_num` DESC
2018-12-31 16:31:46-SELECT * FROM `t_products_type` WHERE `active` = "1" AND `isdelete` = "0" ORDER BY `sort_num` DESC
2018-12-31 16:31:46-SELECT * FROM `t_products` WHERE `typeid` = "1" AND `active` = "1" AND `isdelete` = "0" ORDER BY `sort_num` DESC
2018-12-31 16:31:46-SELECT * FROM `t_products` WHERE `typeid` = "2" AND `active` = "1" AND `isdelete` = "0" ORDER BY `sort_num` DESC
2018-12-31 16:31:59-SELECT * FROM `t_products_type` WHERE `active` = "1" AND `isdelete` = "0" ORDER BY `sort_num` DESC
2018-12-31 16:31:59-SELECT * FROM `t_products` WHERE `typeid` = "1" AND `active` = "1" AND `isdelete` = "0" ORDER BY `sort_num` DESC
2018-12-31 16:31:59-SELECT * FROM `t_products` WHERE `typeid` = "2" AND `active` = "1" AND `isdelete` = "0" ORDER BY `sort_num` DESC
2018-12-31 16:32:05-SELECT * FROM `t_products` WHERE `id` = "1" AND `active` = "1" AND `isdelete` = "0" LIMIT 1
2018-12-31 16:32:33-SELECT * FROM `t_products` WHERE `id` = "1" AND `active` = "1" AND `isdelete` = "0" LIMIT 1
2018-12-31 16:53:31-SELECT * FROM `t_config`
2018-12-31 16:53:31-SELECT * FROM `t_products_type` WHERE `active` = "1" AND `isdelete` = "0" ORDER BY `sort_num` DESC
2018-12-31 16:53:31-SELECT * FROM `t_products` WHERE `typeid` = "1" AND `active` = "1" AND `isdelete` = "0" ORDER BY `sort_num` DESC
2018-12-31 16:53:31-SELECT * FROM `t_products` WHERE `typeid` = "2" AND `active` = "1" AND `isdelete` = "0" ORDER BY `sort_num` DESC
2018-12-31 16:54:20-SELECT * FROM `t_products_type` WHERE `active` = "1" AND `isdelete` = "0" ORDER BY `sort_num` DESC
2018-12-31 16:54:20-SELECT * FROM `t_products` WHERE `typeid` = "1" AND `active` = "1" AND `isdelete` = "0" ORDER BY `sort_num` DESC
2018-12-31 16:54:20-SELECT * FROM `t_products` WHERE `typeid` = "2" AND `active` = "1" AND `isdelete` = "0" ORDER BY `sort_num` DESC
2018-12-31 17:02:07-SELECT * FROM `t_products_type` WHERE `active` = "1" AND `isdelete` = "0" ORDER BY `sort_num` DESC
2018-12-31 17:02:07-SELECT * FROM `t_products` WHERE `typeid` = "1" AND `active` = "1" AND `isdelete` = "0" ORDER BY `sort_num` DESC
2018-12-31 17:02:07-SELECT * FROM `t_products` WHERE `typeid` = "2" AND `active` = "1" AND `isdelete` = "0" ORDER BY `sort_num` DESC
2018-12-31 17:31:28-SELECT * FROM `t_config`
2018-12-31 17:31:28-SELECT * FROM `t_products_type` WHERE `active` = "1" AND `isdelete` = "0" ORDER BY `sort_num` DESC
2018-12-31 17:31:28-SELECT * FROM `t_products` WHERE `typeid` = "1" AND `active` = "1" AND `isdelete` = "0" ORDER BY `sort_num` DESC
2018-12-31 17:31:28-SELECT * FROM `t_products` WHERE `typeid` = "2" AND `active` = "1" AND `isdelete` = "0" ORDER BY `sort_num` DESC
2018-12-31 17:32:48-SELECT * FROM `t_products_type` WHERE `active` = "1" AND `isdelete` = "0" ORDER BY `sort_num` DESC
2018-12-31 17:32:48-SELECT * FROM `t_products` WHERE `typeid` = "1" AND `active` = "1" AND `isdelete` = "0" ORDER BY `sort_num` DESC
2018-12-31 17:32:48-SELECT * FROM `t_products` WHERE `typeid` = "2" AND `active` = "1" AND `isdelete` = "0" ORDER BY `sort_num` DESC
2018-12-31 17:49:02-SELECT * FROM `t_config`
2018-12-31 17:49:02-SELECT * FROM `t_products_type` WHERE `active` = "1" AND `isdelete` = "0" ORDER BY `sort_num` DESC
2018-12-31 17:49:02-SELECT * FROM `t_products` WHERE `typeid` = "1" AND `active` = "1" AND `isdelete` = "0" ORDER BY `sort_num` DESC
2018-12-31 17:49:02-SELECT * FROM `t_products` WHERE `typeid` = "2" AND `active` = "1" AND `isdelete` = "0" ORDER BY `sort_num` DESC
2018-12-31 17:49:16-SELECT * FROM `t_products_type` WHERE `active` = "1" AND `isdelete` = "0" ORDER BY `sort_num` DESC
2018-12-31 17:49:16-SELECT * FROM `t_products` WHERE `typeid` = "1" AND `active` = "1" AND `isdelete` = "0" ORDER BY `sort_num` DESC
2018-12-31 17:49:16-SELECT * FROM `t_products` WHERE `typeid` = "2" AND `active` = "1" AND `isdelete` = "0" ORDER BY `sort_num` DESC
2018-12-31 18:58:59-SELECT * FROM `t_config`
2018-12-31 18:58:59-SELECT * FROM `t_products_type` WHERE `active` = "1" AND `isdelete` = "0" ORDER BY `sort_num` DESC
2018-12-31 18:58:59-SELECT * FROM `t_products` WHERE `typeid` = "1" AND `active` = "1" AND `isdelete` = "0" ORDER BY `sort_num` DESC
2018-12-31 18:58:59-SELECT * FROM `t_products` WHERE `typeid` = "2" AND `active` = "1" AND `isdelete` = "0" ORDER BY `sort_num` DESC
2018-12-31 19:05:07-SELECT * FROM `t_products_type` WHERE `active` = "1" AND `isdelete` = "0" ORDER BY `sort_num` DESC
2018-12-31 19:05:07-SELECT * FROM `t_products` WHERE `typeid` = "1" AND `active` = "1" AND `isdelete` = "0" ORDER BY `sort_num` DESC
2018-12-31 19:05:07-SELECT * FROM `t_products` WHERE `typeid` = "2" AND `active` = "1" AND `isdelete` = "0" ORDER BY `sort_num` DESC
2018-12-31 19:05:07-SELECT * FROM `t_products_type` WHERE `active` = "1" AND `isdelete` = "0" ORDER BY `sort_num` DESC
2018-12-31 19:05:07-SELECT * FROM `t_products` WHERE `typeid` = "1" AND `active` = "1" AND `isdelete` = "0" ORDER BY `sort_num` DESC
2018-12-31 19:05:07-SELECT * FROM `t_products` WHERE `typeid` = "2" AND `active` = "1" AND `isdelete` = "0" ORDER BY `sort_num` DESC
2018-12-31 19:05:24-SELECT * FROM `t_products` WHERE `id` = "1" AND `active` = "1" AND `isdelete` = "0" LIMIT 1
2018-12-31 19:05:24-SELECT * FROM `t_payment` WHERE `active` = "1"
2018-12-31 19:05:24-SELECT * FROM `t_products` WHERE `id` = "1" AND `active` = "1" AND `isdelete` = "0" LIMIT 1
2018-12-31 19:17:27-SELECT * FROM `t_config`
2018-12-31 19:17:27-SELECT * FROM `t_products_type` WHERE `active` = "1" AND `isdelete` = "0" ORDER BY `sort_num` DESC
2018-12-31 19:17:27-SELECT * FROM `t_products` WHERE `typeid` = "1" AND `active` = "1" AND `isdelete` = "0" ORDER BY `sort_num` DESC
2018-12-31 19:17:27-SELECT * FROM `t_products` WHERE `typeid` = "2" AND `active` = "1" AND `isdelete` = "0" ORDER BY `sort_num` DESC
2018-12-31 20:35:06-SELECT * FROM `t_config`
2018-12-31 20:35:06-SELECT * FROM `t_products_type` WHERE `active` = "1" AND `isdelete` = "0" ORDER BY `sort_num` DESC
2018-12-31 20:35:06-SELECT * FROM `t_products` WHERE `typeid` = "1" AND `active` = "1" AND `isdelete` = "0" ORDER BY `sort_num` DESC
2018-12-31 20:35:06-SELECT * FROM `t_products` WHERE `typeid` = "2" AND `active` = "1" AND `isdelete` = "0" ORDER BY `sort_num` DESC
2018-12-31 20:47:00-SELECT * FROM `t_config`
2018-12-31 20:47:00-SELECT * FROM `t_products_type` WHERE `active` = "1" AND `isdelete` = "0" ORDER BY `sort_num` DESC
2018-12-31 20:47:00-SELECT * FROM `t_products` WHERE `typeid` = "1" AND `active` = "1" AND `isdelete` = "0" ORDER BY `sort_num` DESC
2018-12-31 20:47:00-SELECT * FROM `t_products` WHERE `typeid` = "2" AND `active` = "1" AND `isdelete` = "0" ORDER BY `sort_num` DESC
2018-12-31 20:58:46-SELECT * FROM `t_config`
2018-12-31 21:26:48-SELECT * FROM `t_config`
2018-12-31 21:26:48-SELECT * FROM `t_products_type` WHERE `active` = "1" AND `isdelete` = "0" ORDER BY `sort_num` DESC
2018-12-31 21:26:48-SELECT * FROM `t_products` WHERE `typeid` = "1" AND `active` = "1" AND `isdelete` = "0" ORDER BY `sort_num` DESC
2018-12-31 21:26:48-SELECT * FROM `t_products` WHERE `typeid` = "2" AND `active` = "1" AND `isdelete` = "0" ORDER BY `sort_num` DESC
2018-12-31 21:29:42-SELECT * FROM `t_products_type` WHERE `active` = "1" AND `isdelete` = "0" ORDER BY `sort_num` DESC
2018-12-31 21:29:42-SELECT * FROM `t_products` WHERE `typeid` = "1" AND `active` = "1" AND `isdelete` = "0" ORDER BY `sort_num` DESC
2018-12-31 21:29:42-SELECT * FROM `t_products` WHERE `typeid` = "2" AND `active` = "1" AND `isdelete` = "0" ORDER BY `sort_num` DESC
2018-12-31 21:30:50-SELECT * FROM `t_products_type` WHERE `active` = "1" AND `isdelete` = "0" ORDER BY `sort_num` DESC
2018-12-31 21:30:50-SELECT * FROM `t_products` WHERE `typeid` = "1" AND `active` = "1" AND `isdelete` = "0" ORDER BY `sort_num` DESC
2018-12-31 21:30:50-SELECT * FROM `t_products` WHERE `typeid` = "2" AND `active` = "1" AND `isdelete` = "0" ORDER BY `sort_num` DESC
2018-12-31 21:38:06-SELECT * FROM `t_config`
2018-12-31 21:38:06-SELECT * FROM `t_products_type` WHERE `active` = "1" AND `isdelete` = "0" ORDER BY `sort_num` DESC
2018-12-31 21:38:06-SELECT * FROM `t_products` WHERE `typeid` = "1" AND `active` = "1" AND `isdelete` = "0" ORDER BY `sort_num` DESC
2018-12-31 21:38:06-SELECT * FROM `t_products` WHERE `typeid` = "2" AND `active` = "1" AND `isdelete` = "0" ORDER BY `sort_num` DESC
2018-12-31 21:38:34-SELECT * FROM `t_products_type` WHERE `active` = "1" AND `isdelete` = "0" ORDER BY `sort_num` DESC
2018-12-31 21:38:34-SELECT * FROM `t_products` WHERE `typeid` = "1" AND `active` = "1" AND `isdelete` = "0" ORDER BY `sort_num` DESC
2018-12-31 21:38:34-SELECT * FROM `t_products` WHERE `typeid` = "2" AND `active` = "1" AND `isdelete` = "0" ORDER BY `sort_num` DESC
2018-12-31 21:38:44-SELECT * FROM `t_products_type` WHERE `active` = "1" AND `isdelete` = "0" ORDER BY `sort_num` DESC
2018-12-31 21:38:44-SELECT * FROM `t_products` WHERE `typeid` = "1" AND `active` = "1" AND `isdelete` = "0" ORDER BY `sort_num` DESC
2018-12-31 21:38:44-SELECT * FROM `t_products` WHERE `typeid` = "2" AND `active` = "1" AND `isdelete` = "0" ORDER BY `sort_num` DESC
2018-12-31 21:50:08-SELECT * FROM `t_config`
2018-12-31 21:50:08-SELECT * FROM `t_products_type` WHERE `active` = "1" AND `isdelete` = "0" ORDER BY `sort_num` DESC
2018-12-31 21:50:08-SELECT * FROM `t_products` WHERE `typeid` = "1" AND `active` = "1" AND `isdelete` = "0" ORDER BY `sort_num` DESC
2018-12-31 21:50:08-SELECT * FROM `t_products` WHERE `typeid` = "2" AND `active` = "1" AND `isdelete` = "0" ORDER BY `sort_num` DESC
2018-12-31 21:50:09-SELECT * FROM `t_products_type` WHERE `active` = "1" AND `isdelete` = "0" ORDER BY `sort_num` DESC
2018-12-31 21:50:09-SELECT * FROM `t_products` WHERE `typeid` = "1" AND `active` = "1" AND `isdelete` = "0" ORDER BY `sort_num` DESC
2018-12-31 21:50:09-SELECT * FROM `t_products` WHERE `typeid` = "2" AND `active` = "1" AND `isdelete` = "0" ORDER BY `sort_num` DESC
2018-12-31 21:50:09-SELECT * FROM `t_products_type` WHERE `active` = "1" AND `isdelete` = "0" ORDER BY `sort_num` DESC
2018-12-31 21:50:09-SELECT * FROM `t_products` WHERE `typeid` = "1" AND `active` = "1" AND `isdelete` = "0" ORDER BY `sort_num` DESC
2018-12-31 21:50:09-SELECT * FROM `t_products` WHERE `typeid` = "2" AND `active` = "1" AND `isdelete` = "0" ORDER BY `sort_num` DESC
2018-12-31 21:50:11-SELECT * FROM `t_products_type` WHERE `active` = "1" AND `isdelete` = "0" ORDER BY `sort_num` DESC
2018-12-31 21:50:11-SELECT * FROM `t_products` WHERE `typeid` = "1" AND `active` = "1" AND `isdelete` = "0" ORDER BY `sort_num` DESC
2018-12-31 21:50:11-SELECT * FROM `t_products` WHERE `typeid` = "2" AND `active` = "1" AND `isdelete` = "0" ORDER BY `sort_num` DESC
2018-12-31 21:50:11-SELECT * FROM `t_products_type` WHERE `active` = "1" AND `isdelete` = "0" ORDER BY `sort_num` DESC
2018-12-31 21:50:11-SELECT * FROM `t_products` WHERE `typeid` = "1" AND `active` = "1" AND `isdelete` = "0" ORDER BY `sort_num` DESC
2018-12-31 21:50:11-SELECT * FROM `t_products` WHERE `typeid` = "2" AND `active` = "1" AND `isdelete` = "0" ORDER BY `sort_num` DESC
2018-12-31 21:50:12-SELECT * FROM `t_products_type` WHERE `active` = "1" AND `isdelete` = "0" ORDER BY `sort_num` DESC
2018-12-31 21:50:12-SELECT * FROM `t_products` WHERE `typeid` = "1" AND `active` = "1" AND `isdelete` = "0" ORDER BY `sort_num` DESC
2018-12-31 21:50:12-SELECT * FROM `t_products` WHERE `typeid` = "2" AND `active` = "1" AND `isdelete` = "0" ORDER BY `sort_num` DESC
2018-12-31 22:03:59-SELECT * FROM `t_config`
2018-12-31 22:03:59-SELECT * FROM `t_products_type` WHERE `active` = "1" AND `isdelete` = "0" ORDER BY `sort_num` DESC
2018-12-31 22:03:59-SELECT * FROM `t_products` WHERE `typeid` = "1" AND `active` = "1" AND `isdelete` = "0" ORDER BY `sort_num` DESC
2018-12-31 22:03:59-SELECT * FROM `t_products` WHERE `typeid` = "2" AND `active` = "1" AND `isdelete` = "0" ORDER BY `sort_num` DESC
2018-12-31 22:58:55-SELECT * FROM `t_config`
2018-12-31 22:58:55-SELECT * FROM `t_products_type` WHERE `active` = "1" AND `isdelete` = "0" ORDER BY `sort_num` DESC
2018-12-31 22:58:55-SELECT * FROM `t_products` WHERE `typeid` = "1" AND `active` = "1" AND `isdelete` = "0" ORDER BY `sort_num` DESC
2018-12-31 22:58:55-SELECT * FROM `t_products` WHERE `typeid` = "2" AND `active` = "1" AND `isdelete` = "0" ORDER BY `sort_num` DESC
2018-12-31 23:24:32-SELECT * FROM `t_config`
2018-12-31 23:24:32-SELECT * FROM `t_products_type` WHERE `active` = "1" AND `isdelete` = "0" ORDER BY `sort_num` DESC
2018-12-31 23:24:32-SELECT * FROM `t_products` WHERE `typeid` = "1" AND `active` = "1" AND `isdelete` = "0" ORDER BY `sort_num` DESC
2018-12-31 23:24:32-SELECT * FROM `t_products` WHERE `typeid` = "2" AND `active` = "1" AND `isdelete` = "0" ORDER BY `sort_num` DESC
2018-12-31 23:27:48-SELECT * FROM `t_products_type` WHERE `active` = "1" AND `isdelete` = "0" ORDER BY `sort_num` DESC
2018-12-31 23:27:48-SELECT * FROM `t_products` WHERE `typeid` = "1" AND `active` = "1" AND `isdelete` = "0" ORDER BY `sort_num` DESC
2018-12-31 23:27:48-SELECT * FROM `t_products` WHERE `typeid` = "2" AND `active` = "1" AND `isdelete` = "0" ORDER BY `sort_num` DESC
2018-12-31 23:47:46-SELECT * FROM `t_config`
2018-12-31 23:57:57-SELECT * FROM `t_config`
2018-12-31 23:57:57-SELECT * FROM `t_products` WHERE `id` = "3" AND `active` = "1" AND `isdelete` = "0" LIMIT 1
2018-12-31 23:57:57-SELECT * FROM `t_payment` WHERE `active` = "1"
