2019-01-02 00:29:45-SELECT * FROM `t_config`
2019-01-02 00:29:45-SELECT * FROM `t_products_type` WHERE `active` = "1" AND `isdelete` = "0" ORDER BY `sort_num` DESC
2019-01-02 00:29:45-SELECT * FROM `t_products` WHERE `typeid` = "1" AND `active` = "1" AND `isdelete` = "0" ORDER BY `sort_num` DESC
2019-01-02 00:29:45-SELECT * FROM `t_products` WHERE `typeid` = "2" AND `active` = "1" AND `isdelete` = "0" ORDER BY `sort_num` DESC
2019-01-02 00:29:54-SELECT * FROM `t_products_type` WHERE `active` = "1" AND `isdelete` = "0" ORDER BY `sort_num` DESC
2019-01-02 00:29:54-SELECT * FROM `t_products` WHERE `typeid` = "1" AND `active` = "1" AND `isdelete` = "0" ORDER BY `sort_num` DESC
2019-01-02 00:29:54-SELECT * FROM `t_products` WHERE `typeid` = "2" AND `active` = "1" AND `isdelete` = "0" ORDER BY `sort_num` DESC
2019-01-02 01:02:51-SELECT * FROM `t_config`
2019-01-02 01:02:51-SELECT * FROM `t_products_type` WHERE `active` = "1" AND `isdelete` = "0" ORDER BY `sort_num` DESC
2019-01-02 01:02:51-SELECT * FROM `t_products` WHERE `typeid` = "1" AND `active` = "1" AND `isdelete` = "0" ORDER BY `sort_num` DESC
2019-01-02 01:02:51-SELECT * FROM `t_products` WHERE `typeid` = "2" AND `active` = "1" AND `isdelete` = "0" ORDER BY `sort_num` DESC
2019-01-02 01:03:22-SELECT * FROM `t_products` WHERE `id` = "2" AND `active` = "1" AND `isdelete` = "0" LIMIT 1
2019-01-02 01:03:22-SELECT * FROM `t_payment` WHERE `active` = "1"
2019-01-02 01:03:32-SELECT * FROM `t_products_type` WHERE `active` = "1" AND `isdelete` = "0" ORDER BY `sort_num` DESC
2019-01-02 01:03:32-SELECT * FROM `t_products` WHERE `typeid` = "1" AND `active` = "1" AND `isdelete` = "0" ORDER BY `sort_num` DESC
2019-01-02 01:03:32-SELECT * FROM `t_products` WHERE `typeid` = "2" AND `active` = "1" AND `isdelete` = "0" ORDER BY `sort_num` DESC
2019-01-02 01:04:35-SELECT * FROM `t_products_type` WHERE `active` = "1" AND `isdelete` = "0" ORDER BY `sort_num` DESC
2019-01-02 01:04:35-SELECT * FROM `t_products` WHERE `typeid` = "1" AND `active` = "1" AND `isdelete` = "0" ORDER BY `sort_num` DESC
2019-01-02 01:04:35-SELECT * FROM `t_products` WHERE `typeid` = "2" AND `active` = "1" AND `isdelete` = "0" ORDER BY `sort_num` DESC
2019-01-02 01:04:37-SELECT * FROM `t_products` WHERE `id` = "2" AND `active` = "1" AND `isdelete` = "0" LIMIT 1
2019-01-02 01:05:00-SELECT * FROM `t_products` WHERE `id` = "2" AND `active` = "1" AND `isdelete` = "0" LIMIT 1
2019-01-02 01:05:00-SELECT COUNT(*) AS `total` FROM `t_order` WHERE `ip` = "223.88.89.59" AND `status` = "0" AND `isdelete` = "0" AND addtime>=1546358400 and addtime<=1546444799 LIMIT 1
2019-01-02 01:05:00-SELECT COUNT(*) AS `total` FROM `t_order` WHERE `email` = "34156456465@qq.com" AND `status` = "0" AND `isdelete` = "0" AND addtime>=1546358400 and addtime<=1546444799 LIMIT 1
2019-01-02 01:05:00-SELECT * FROM `t_user` WHERE `email` = "34156456465@qq.com" LIMIT 1
2019-01-02 01:05:00-INSERT INTO t_order (`orderid`,`userid`,`email`,`qq`,`pid`,`productname`,`price`,`number`,`money`,`chapwd`,`ip`,`status`,`paymethod`,`addons`,`addtime`) VALUES ('sadnt2019010201050057448','0','34156456465@qq.com','34156456465','2','豪华黄钻20个月-详情看说明','110.00','4','440','144566545646','223.88.89.59','0','codepayalipay','请输入QQ账号:1500000;请输入QQ密码:1500000;','1546362300')
2019-01-02 01:05:00-SELECT * FROM `t_order` WHERE `id` = "82" AND `isdelete` = "0" LIMIT 1
2019-01-02 01:05:02-SELECT * FROM `t_order` WHERE `id` = "82" AND `isdelete` = "0" LIMIT 1
2019-01-02 01:05:04-SELECT * FROM `t_order` WHERE `id` = "82" AND `isdelete` = "0" LIMIT 1
2019-01-02 01:05:05-SELECT * FROM `t_products` WHERE `id` = "2" AND `active` = "1" AND `isdelete` = "0" LIMIT 1
2019-01-02 01:05:07-SELECT * FROM `t_products_type` WHERE `active` = "1" AND `isdelete` = "0" ORDER BY `sort_num` DESC
2019-01-02 01:05:07-SELECT * FROM `t_products` WHERE `typeid` = "1" AND `active` = "1" AND `isdelete` = "0" ORDER BY `sort_num` DESC
2019-01-02 01:05:07-SELECT * FROM `t_products` WHERE `typeid` = "2" AND `active` = "1" AND `isdelete` = "0" ORDER BY `sort_num` DESC
2019-01-02 01:05:24-SELECT * FROM `t_order` WHERE `qq` = "123456" AND `chapwd` = "" AND `isdelete` = "0" ORDER BY `id` desc
2019-01-02 01:06:24-SELECT * FROM `t_order` WHERE `qq` = "123456" AND `chapwd` = "" AND `isdelete` = "0" ORDER BY `id` desc
2019-01-02 01:47:57-SELECT * FROM `t_config`
2019-01-02 01:47:57-SELECT * FROM `t_products_type` WHERE `active` = "1" AND `isdelete` = "0" ORDER BY `sort_num` DESC
2019-01-02 01:47:57-SELECT * FROM `t_products` WHERE `typeid` = "1" AND `active` = "1" AND `isdelete` = "0" ORDER BY `sort_num` DESC
2019-01-02 01:47:57-SELECT * FROM `t_products` WHERE `typeid` = "2" AND `active` = "1" AND `isdelete` = "0" ORDER BY `sort_num` DESC
2019-01-02 02:02:36-SELECT * FROM `t_config`
2019-01-02 02:02:36-SELECT * FROM `t_products_type` WHERE `active` = "1" AND `isdelete` = "0" ORDER BY `sort_num` DESC
2019-01-02 02:02:36-SELECT * FROM `t_products` WHERE `typeid` = "1" AND `active` = "1" AND `isdelete` = "0" ORDER BY `sort_num` DESC
2019-01-02 02:02:36-SELECT * FROM `t_products` WHERE `typeid` = "2" AND `active` = "1" AND `isdelete` = "0" ORDER BY `sort_num` DESC
2019-01-02 02:02:52-SELECT * FROM `t_products_type` WHERE `active` = "1" AND `isdelete` = "0" ORDER BY `sort_num` DESC
2019-01-02 02:02:52-SELECT * FROM `t_products` WHERE `typeid` = "1" AND `active` = "1" AND `isdelete` = "0" ORDER BY `sort_num` DESC
2019-01-02 02:02:52-SELECT * FROM `t_products` WHERE `typeid` = "2" AND `active` = "1" AND `isdelete` = "0" ORDER BY `sort_num` DESC
2019-01-02 03:13:06-SELECT * FROM `t_config`
2019-01-02 03:13:06-SELECT * FROM `t_products_type` WHERE `active` = "1" AND `isdelete` = "0" ORDER BY `sort_num` DESC
2019-01-02 03:13:06-SELECT * FROM `t_products` WHERE `typeid` = "1" AND `active` = "1" AND `isdelete` = "0" ORDER BY `sort_num` DESC
2019-01-02 03:13:06-SELECT * FROM `t_products` WHERE `typeid` = "2" AND `active` = "1" AND `isdelete` = "0" ORDER BY `sort_num` DESC
2019-01-02 03:24:23-SELECT * FROM `t_config`
2019-01-02 03:24:23-SELECT * FROM `t_products_type` WHERE `active` = "1" AND `isdelete` = "0" ORDER BY `sort_num` DESC
2019-01-02 03:24:23-SELECT * FROM `t_products` WHERE `typeid` = "1" AND `active` = "1" AND `isdelete` = "0" ORDER BY `sort_num` DESC
2019-01-02 03:24:23-SELECT * FROM `t_products` WHERE `typeid` = "2" AND `active` = "1" AND `isdelete` = "0" ORDER BY `sort_num` DESC
2019-01-02 04:17:37-SELECT * FROM `t_config`
2019-01-02 04:17:37-SELECT * FROM `t_products_type` WHERE `active` = "1" AND `isdelete` = "0" ORDER BY `sort_num` DESC
2019-01-02 04:17:37-SELECT * FROM `t_products` WHERE `typeid` = "1" AND `active` = "1" AND `isdelete` = "0" ORDER BY `sort_num` DESC
2019-01-02 04:17:37-SELECT * FROM `t_products` WHERE `typeid` = "2" AND `active` = "1" AND `isdelete` = "0" ORDER BY `sort_num` DESC
2019-01-02 04:18:19-SELECT * FROM `t_products_type` WHERE `active` = "1" AND `isdelete` = "0" ORDER BY `sort_num` DESC
2019-01-02 04:18:19-SELECT * FROM `t_products` WHERE `typeid` = "1" AND `active` = "1" AND `isdelete` = "0" ORDER BY `sort_num` DESC
2019-01-02 04:18:19-SELECT * FROM `t_products` WHERE `typeid` = "2" AND `active` = "1" AND `isdelete` = "0" ORDER BY `sort_num` DESC
2019-01-02 04:42:32-SELECT * FROM `t_config`
2019-01-02 04:42:32-SELECT * FROM `t_products_type` WHERE `active` = "1" AND `isdelete` = "0" ORDER BY `sort_num` DESC
2019-01-02 04:42:32-SELECT * FROM `t_products` WHERE `typeid` = "1" AND `active` = "1" AND `isdelete` = "0" ORDER BY `sort_num` DESC
2019-01-02 04:42:32-SELECT * FROM `t_products` WHERE `typeid` = "2" AND `active` = "1" AND `isdelete` = "0" ORDER BY `sort_num` DESC
2019-01-02 04:46:49-SELECT * FROM `t_products_type` WHERE `active` = "1" AND `isdelete` = "0" ORDER BY `sort_num` DESC
2019-01-02 04:46:49-SELECT * FROM `t_products` WHERE `typeid` = "1" AND `active` = "1" AND `isdelete` = "0" ORDER BY `sort_num` DESC
2019-01-02 04:46:49-SELECT * FROM `t_products` WHERE `typeid` = "2" AND `active` = "1" AND `isdelete` = "0" ORDER BY `sort_num` DESC
2019-01-02 05:25:48-SELECT * FROM `t_config`
2019-01-02 05:25:48-SELECT * FROM `t_products_type` WHERE `active` = "1" AND `isdelete` = "0" ORDER BY `sort_num` DESC
2019-01-02 05:25:48-SELECT * FROM `t_products` WHERE `typeid` = "1" AND `active` = "1" AND `isdelete` = "0" ORDER BY `sort_num` DESC
2019-01-02 05:25:48-SELECT * FROM `t_products` WHERE `typeid` = "2" AND `active` = "1" AND `isdelete` = "0" ORDER BY `sort_num` DESC
2019-01-02 06:50:36-SELECT * FROM `t_config`
2019-01-02 06:53:24-SELECT * FROM `t_products_type` WHERE `active` = "1" AND `isdelete` = "0" ORDER BY `sort_num` DESC
2019-01-02 06:53:24-SELECT * FROM `t_products` WHERE `typeid` = "1" AND `active` = "1" AND `isdelete` = "0" ORDER BY `sort_num` DESC
2019-01-02 06:53:24-SELECT * FROM `t_products` WHERE `typeid` = "2" AND `active` = "1" AND `isdelete` = "0" ORDER BY `sort_num` DESC
2019-01-02 07:24:20-SELECT * FROM `t_config`
2019-01-02 07:24:20-SELECT * FROM `t_products_type` WHERE `active` = "1" AND `isdelete` = "0" ORDER BY `sort_num` DESC
2019-01-02 07:24:20-SELECT * FROM `t_products` WHERE `typeid` = "1" AND `active` = "1" AND `isdelete` = "0" ORDER BY `sort_num` DESC
2019-01-02 07:24:20-SELECT * FROM `t_products` WHERE `typeid` = "2" AND `active` = "1" AND `isdelete` = "0" ORDER BY `sort_num` DESC
2019-01-02 07:49:53-SELECT * FROM `t_config`
2019-01-02 08:15:42-SELECT * FROM `t_config`
2019-01-02 08:15:42-SELECT * FROM `t_products_type` WHERE `active` = "1" AND `isdelete` = "0" ORDER BY `sort_num` DESC
2019-01-02 08:15:42-SELECT * FROM `t_products` WHERE `typeid` = "1" AND `active` = "1" AND `isdelete` = "0" ORDER BY `sort_num` DESC
2019-01-02 08:15:42-SELECT * FROM `t_products` WHERE `typeid` = "2" AND `active` = "1" AND `isdelete` = "0" ORDER BY `sort_num` DESC
2019-01-02 08:17:14-SELECT * FROM `t_products_type` WHERE `active` = "1" AND `isdelete` = "0" ORDER BY `sort_num` DESC
2019-01-02 08:17:14-SELECT * FROM `t_products` WHERE `typeid` = "1" AND `active` = "1" AND `isdelete` = "0" ORDER BY `sort_num` DESC
2019-01-02 08:17:14-SELECT * FROM `t_products` WHERE `typeid` = "2" AND `active` = "1" AND `isdelete` = "0" ORDER BY `sort_num` DESC
2019-01-02 08:40:19-SELECT * FROM `t_config`
2019-01-02 08:40:19-SELECT * FROM `t_products_type` WHERE `active` = "1" AND `isdelete` = "0" ORDER BY `sort_num` DESC
2019-01-02 08:40:19-SELECT * FROM `t_products` WHERE `typeid` = "1" AND `active` = "1" AND `isdelete` = "0" ORDER BY `sort_num` DESC
2019-01-02 08:40:19-SELECT * FROM `t_products` WHERE `typeid` = "2" AND `active` = "1" AND `isdelete` = "0" ORDER BY `sort_num` DESC
2019-01-02 08:46:17-SELECT * FROM `t_products_type` WHERE `active` = "1" AND `isdelete` = "0" ORDER BY `sort_num` DESC
2019-01-02 08:46:17-SELECT * FROM `t_products` WHERE `typeid` = "1" AND `active` = "1" AND `isdelete` = "0" ORDER BY `sort_num` DESC
2019-01-02 08:46:17-SELECT * FROM `t_products` WHERE `typeid` = "2" AND `active` = "1" AND `isdelete` = "0" ORDER BY `sort_num` DESC
2019-01-02 09:07:04-SELECT * FROM `t_config`
2019-01-02 09:07:04-SELECT * FROM `t_products_type` WHERE `active` = "1" AND `isdelete` = "0" ORDER BY `sort_num` DESC
2019-01-02 09:07:04-SELECT * FROM `t_products` WHERE `typeid` = "1" AND `active` = "1" AND `isdelete` = "0" ORDER BY `sort_num` DESC
2019-01-02 09:07:04-SELECT * FROM `t_products` WHERE `typeid` = "2" AND `active` = "1" AND `isdelete` = "0" ORDER BY `sort_num` DESC
2019-01-02 09:37:39-SELECT * FROM `t_config`
2019-01-02 09:37:39-SELECT * FROM `t_products_type` WHERE `active` = "1" AND `isdelete` = "0" ORDER BY `sort_num` DESC
2019-01-02 09:37:39-SELECT * FROM `t_products` WHERE `typeid` = "1" AND `active` = "1" AND `isdelete` = "0" ORDER BY `sort_num` DESC
2019-01-02 09:37:39-SELECT * FROM `t_products` WHERE `typeid` = "2" AND `active` = "1" AND `isdelete` = "0" ORDER BY `sort_num` DESC
2019-01-02 09:52:01-SELECT * FROM `t_config`
2019-01-02 09:52:01-SELECT * FROM `t_products_type` WHERE `active` = "1" AND `isdelete` = "0" ORDER BY `sort_num` DESC
2019-01-02 09:52:01-SELECT * FROM `t_products` WHERE `typeid` = "1" AND `active` = "1" AND `isdelete` = "0" ORDER BY `sort_num` DESC
2019-01-02 09:52:01-SELECT * FROM `t_products` WHERE `typeid` = "2" AND `active` = "1" AND `isdelete` = "0" ORDER BY `sort_num` DESC
2019-01-02 10:10:33-SELECT * FROM `t_config`
2019-01-02 10:10:33-SELECT * FROM `t_products_type` WHERE `active` = "1" AND `isdelete` = "0" ORDER BY `sort_num` DESC
2019-01-02 10:10:33-SELECT * FROM `t_products` WHERE `typeid` = "1" AND `active` = "1" AND `isdelete` = "0" ORDER BY `sort_num` DESC
2019-01-02 10:10:33-SELECT * FROM `t_products` WHERE `typeid` = "2" AND `active` = "1" AND `isdelete` = "0" ORDER BY `sort_num` DESC
2019-01-02 10:40:39-SELECT * FROM `t_config`
2019-01-02 10:40:39-SELECT * FROM `t_products_type` WHERE `active` = "1" AND `isdelete` = "0" ORDER BY `sort_num` DESC
2019-01-02 10:40:39-SELECT * FROM `t_products` WHERE `typeid` = "1" AND `active` = "1" AND `isdelete` = "0" ORDER BY `sort_num` DESC
2019-01-02 10:40:39-SELECT * FROM `t_products` WHERE `typeid` = "2" AND `active` = "1" AND `isdelete` = "0" ORDER BY `sort_num` DESC
2019-01-02 10:40:55-SELECT * FROM `t_products_type` WHERE `active` = "1" AND `isdelete` = "0" ORDER BY `sort_num` DESC
2019-01-02 10:40:55-SELECT * FROM `t_products` WHERE `typeid` = "1" AND `active` = "1" AND `isdelete` = "0" ORDER BY `sort_num` DESC
2019-01-02 10:40:55-SELECT * FROM `t_products` WHERE `typeid` = "2" AND `active` = "1" AND `isdelete` = "0" ORDER BY `sort_num` DESC
2019-01-02 10:41:04-SELECT * FROM `t_products` WHERE `id` = "1" AND `active` = "1" AND `isdelete` = "0" LIMIT 1
2019-01-02 10:41:04-SELECT * FROM `t_payment` WHERE `active` = "1"
2019-01-02 10:42:31-SELECT * FROM `t_products_type` WHERE `active` = "1" AND `isdelete` = "0" ORDER BY `sort_num` DESC
2019-01-02 10:42:31-SELECT * FROM `t_products` WHERE `typeid` = "1" AND `active` = "1" AND `isdelete` = "0" ORDER BY `sort_num` DESC
2019-01-02 10:42:31-SELECT * FROM `t_products` WHERE `typeid` = "2" AND `active` = "1" AND `isdelete` = "0" ORDER BY `sort_num` DESC
2019-01-02 11:10:08-SELECT * FROM `t_config`
2019-01-02 11:10:08-SELECT * FROM `t_products_type` WHERE `active` = "1" AND `isdelete` = "0" ORDER BY `sort_num` DESC
2019-01-02 11:10:08-SELECT * FROM `t_products` WHERE `typeid` = "1" AND `active` = "1" AND `isdelete` = "0" ORDER BY `sort_num` DESC
2019-01-02 11:10:08-SELECT * FROM `t_products` WHERE `typeid` = "2" AND `active` = "1" AND `isdelete` = "0" ORDER BY `sort_num` DESC
2019-01-02 11:10:26-SELECT * FROM `t_products_type` WHERE `active` = "1" AND `isdelete` = "0" ORDER BY `sort_num` DESC
2019-01-02 11:10:26-SELECT * FROM `t_products` WHERE `typeid` = "1" AND `active` = "1" AND `isdelete` = "0" ORDER BY `sort_num` DESC
2019-01-02 11:10:26-SELECT * FROM `t_products` WHERE `typeid` = "2" AND `active` = "1" AND `isdelete` = "0" ORDER BY `sort_num` DESC
2019-01-02 11:10:30-SELECT * FROM `t_products` WHERE `id` = "1" AND `active` = "1" AND `isdelete` = "0" LIMIT 1
2019-01-02 11:10:30-SELECT * FROM `t_payment` WHERE `active` = "1"
2019-01-02 11:14:53-SELECT * FROM `t_products_type` WHERE `active` = "1" AND `isdelete` = "0" ORDER BY `sort_num` DESC
2019-01-02 11:14:53-SELECT * FROM `t_products` WHERE `typeid` = "1" AND `active` = "1" AND `isdelete` = "0" ORDER BY `sort_num` DESC
2019-01-02 11:14:53-SELECT * FROM `t_products` WHERE `typeid` = "2" AND `active` = "1" AND `isdelete` = "0" ORDER BY `sort_num` DESC
2019-01-02 11:15:51-SELECT * FROM `t_products_type` WHERE `active` = "1" AND `isdelete` = "0" ORDER BY `sort_num` DESC
2019-01-02 11:15:51-SELECT * FROM `t_products` WHERE `typeid` = "1" AND `active` = "1" AND `isdelete` = "0" ORDER BY `sort_num` DESC
2019-01-02 11:15:51-SELECT * FROM `t_products` WHERE `typeid` = "2" AND `active` = "1" AND `isdelete` = "0" ORDER BY `sort_num` DESC
2019-01-02 11:17:17-SELECT * FROM `t_products_type` WHERE `active` = "1" AND `isdelete` = "0" ORDER BY `sort_num` DESC
2019-01-02 11:17:17-SELECT * FROM `t_products` WHERE `typeid` = "1" AND `active` = "1" AND `isdelete` = "0" ORDER BY `sort_num` DESC
2019-01-02 11:17:17-SELECT * FROM `t_products` WHERE `typeid` = "2" AND `active` = "1" AND `isdelete` = "0" ORDER BY `sort_num` DESC
2019-01-02 11:17:33-SELECT * FROM `t_products` WHERE `id` = "3" AND `active` = "1" AND `isdelete` = "0" LIMIT 1
2019-01-02 11:20:43-SELECT * FROM `t_config`
2019-01-02 11:20:43-SELECT * FROM `t_products_type` WHERE `active` = "1" AND `isdelete` = "0" ORDER BY `sort_num` DESC
2019-01-02 11:20:43-SELECT * FROM `t_products` WHERE `typeid` = "1" AND `active` = "1" AND `isdelete` = "0" ORDER BY `sort_num` DESC
2019-01-02 11:20:43-SELECT * FROM `t_products` WHERE `typeid` = "2" AND `active` = "1" AND `isdelete` = "0" ORDER BY `sort_num` DESC
2019-01-02 11:50:14-SELECT * FROM `t_config`
2019-01-02 11:50:14-SELECT * FROM `t_products_type` WHERE `active` = "1" AND `isdelete` = "0" ORDER BY `sort_num` DESC
2019-01-02 11:50:14-SELECT * FROM `t_products` WHERE `typeid` = "1" AND `active` = "1" AND `isdelete` = "0" ORDER BY `sort_num` DESC
2019-01-02 11:50:14-SELECT * FROM `t_products` WHERE `typeid` = "2" AND `active` = "1" AND `isdelete` = "0" ORDER BY `sort_num` DESC
2019-01-02 12:43:41-SELECT * FROM `t_config`
2019-01-02 12:43:41-SELECT * FROM `t_products_type` WHERE `active` = "1" AND `isdelete` = "0" ORDER BY `sort_num` DESC
2019-01-02 12:43:41-SELECT * FROM `t_products` WHERE `typeid` = "1" AND `active` = "1" AND `isdelete` = "0" ORDER BY `sort_num` DESC
2019-01-02 12:43:41-SELECT * FROM `t_products` WHERE `typeid` = "2" AND `active` = "1" AND `isdelete` = "0" ORDER BY `sort_num` DESC
2019-01-02 12:44:02-SELECT * FROM `t_products` WHERE `id` = "1" AND `active` = "1" AND `isdelete` = "0" LIMIT 1
2019-01-02 12:44:02-SELECT * FROM `t_payment` WHERE `active` = "1"
2019-01-02 12:44:16-SELECT * FROM `t_products` WHERE `id` = "1" AND `active` = "1" AND `isdelete` = "0" LIMIT 1
2019-01-02 12:44:16-SELECT COUNT(*) AS `total` FROM `t_order` WHERE `ip` = "27.17.34.198" AND `status` = "0" AND `isdelete` = "0" AND addtime>=1546358400 and addtime<=1546444799 LIMIT 1
2019-01-02 12:44:16-SELECT COUNT(*) AS `total` FROM `t_order` WHERE `email` = "76858586@qq.com" AND `status` = "0" AND `isdelete` = "0" AND addtime>=1546358400 and addtime<=1546444799 LIMIT 1
2019-01-02 12:44:16-SELECT * FROM `t_user` WHERE `email` = "76858586@qq.com" LIMIT 1
2019-01-02 12:44:16-INSERT INTO t_order (`orderid`,`userid`,`email`,`qq`,`pid`,`productname`,`price`,`number`,`money`,`chapwd`,`ip`,`status`,`paymethod`,`addons`,`addtime`) VALUES ('sadnt2019010212441693075','0','76858586@qq.com','76858586','1','搜狗阅读15万阅读币','1.00','1','1','17612760553','27.17.34.198','0','codepayqq','','1546404256')
2019-01-02 12:44:17-SELECT * FROM `t_order` WHERE `id` = "83" AND `isdelete` = "0" LIMIT 1
2019-01-02 12:44:19-SELECT * FROM `t_order` WHERE `id` = "83" AND `isdelete` = "0" LIMIT 1
2019-01-02 12:44:21-SELECT * FROM `t_order` WHERE `id` = "83" AND `isdelete` = "0" LIMIT 1
2019-01-02 12:44:23-SELECT * FROM `t_order` WHERE `id` = "83" AND `isdelete` = "0" LIMIT 1
2019-01-02 12:44:26-SELECT * FROM `t_order` WHERE `id` = "83" AND `isdelete` = "0" LIMIT 1
2019-01-02 12:44:28-SELECT * FROM `t_order` WHERE `id` = "83" AND `isdelete` = "0" LIMIT 1
2019-01-02 12:44:29-SELECT * FROM `t_order` WHERE `id` = "83" AND `isdelete` = "0" LIMIT 1
2019-01-02 12:44:31-SELECT * FROM `t_order` WHERE `id` = "83" AND `isdelete` = "0" LIMIT 1
2019-01-02 12:44:33-SELECT * FROM `t_order` WHERE `id` = "83" AND `isdelete` = "0" LIMIT 1
2019-01-02 12:44:36-SELECT * FROM `t_order` WHERE `id` = "83" AND `isdelete` = "0" LIMIT 1
2019-01-02 12:44:37-SELECT * FROM `t_order` WHERE `id` = "83" AND `isdelete` = "0" LIMIT 1
2019-01-02 12:44:49-SELECT * FROM `t_order` WHERE `orderid` = "sadnt2019010212441693075" LIMIT 1
2019-01-02 12:44:49-UPDATE `t_order` SET `status` = '1',`paytime` = '1546404289',`tradeid` = '101000026901501901021430651324',`paymethod` = 'codepayqq',`paymoney` = '1.00'  WHERE `orderid` = "sadnt2019010212441693075" AND `status` = "0"
2019-01-02 12:44:49-SELECT auto,stockcontrol,qty FROM `t_products` WHERE `id` = "1" LIMIT 1
2019-01-02 12:44:49-SELECT * FROM `t_products_card` WHERE `pid` = "1" AND `active` = "0" AND `isdelete` = "0" LIMIT 1
2019-01-02 12:44:49-UPDATE `t_products_card` SET `active` = '1'  WHERE id in (50) AND `active` = "0"
2019-01-02 12:44:49-UPDATE `t_products` SET `qty` = `qty` - '1'  WHERE `id` = "1" AND `stockcontrol` = "1"
2019-01-02 12:44:49-UPDATE `t_order` SET `status` = '2',`kami` = '账号:17056151098密码:cc0505'  WHERE `orderid` = "sadnt2019010212441693075" AND `status` = "1"
2019-01-02 12:44:49-INSERT INTO t_email_queue(`email`,`subject`,`content`,`addtime`,`status`) VALUES ('76858586@qq.com','商品购买成功','用户:76858586@qq.com,购买的商品[搜狗阅读15万阅读币],密码是:账号:17056151098密码:cc0505','1546404289','0'),('52249557@qq.com','用户购买商品','用户:76858586@qq.com,购买的商品[搜狗阅读15万阅读币],密码发送成功;当前商品库存剩余:9','1546404289','0')
2019-01-02 12:44:55-SELECT * FROM `t_order` WHERE `id` = "83" AND `isdelete` = "0" LIMIT 1
2019-01-02 12:45:01-SELECT * FROM `t_order` WHERE `id` = "83" AND `isdelete` = "0" LIMIT 1
2019-01-02 13:05:47-SELECT * FROM `t_config`
2019-01-02 13:05:47-SELECT * FROM `t_products_type` WHERE `active` = "1" AND `isdelete` = "0" ORDER BY `sort_num` DESC
2019-01-02 13:05:47-SELECT * FROM `t_products` WHERE `typeid` = "1" AND `active` = "1" AND `isdelete` = "0" ORDER BY `sort_num` DESC
2019-01-02 13:05:47-SELECT * FROM `t_products` WHERE `typeid` = "2" AND `active` = "1" AND `isdelete` = "0" ORDER BY `sort_num` DESC
2019-01-02 13:40:49-SELECT * FROM `t_config`
2019-01-02 13:40:49-SELECT * FROM `t_products_type` WHERE `active` = "1" AND `isdelete` = "0" ORDER BY `sort_num` DESC
2019-01-02 13:40:49-SELECT * FROM `t_products` WHERE `typeid` = "1" AND `active` = "1" AND `isdelete` = "0" ORDER BY `sort_num` DESC
2019-01-02 13:40:49-SELECT * FROM `t_products` WHERE `typeid` = "2" AND `active` = "1" AND `isdelete` = "0" ORDER BY `sort_num` DESC
2019-01-02 13:42:05-SELECT * FROM `t_products_type` WHERE `active` = "1" AND `isdelete` = "0" ORDER BY `sort_num` DESC
2019-01-02 13:42:05-SELECT * FROM `t_products` WHERE `typeid` = "1" AND `active` = "1" AND `isdelete` = "0" ORDER BY `sort_num` DESC
2019-01-02 13:42:05-SELECT * FROM `t_products` WHERE `typeid` = "2" AND `active` = "1" AND `isdelete` = "0" ORDER BY `sort_num` DESC
2019-01-02 13:42:29-SELECT * FROM `t_products_type` WHERE `active` = "1" AND `isdelete` = "0" ORDER BY `sort_num` DESC
2019-01-02 13:42:29-SELECT * FROM `t_products` WHERE `typeid` = "1" AND `active` = "1" AND `isdelete` = "0" ORDER BY `sort_num` DESC
2019-01-02 13:42:29-SELECT * FROM `t_products` WHERE `typeid` = "2" AND `active` = "1" AND `isdelete` = "0" ORDER BY `sort_num` DESC
2019-01-02 14:47:49-SELECT * FROM `t_config`
2019-01-02 14:47:49-SELECT * FROM `t_products_type` WHERE `active` = "1" AND `isdelete` = "0" ORDER BY `sort_num` DESC
2019-01-02 14:47:49-SELECT * FROM `t_products` WHERE `typeid` = "1" AND `active` = "1" AND `isdelete` = "0" ORDER BY `sort_num` DESC
2019-01-02 14:47:49-SELECT * FROM `t_products` WHERE `typeid` = "2" AND `active` = "1" AND `isdelete` = "0" ORDER BY `sort_num` DESC
2019-01-02 15:06:39-SELECT * FROM `t_config`
2019-01-02 15:06:39-SELECT * FROM `t_products_type` WHERE `active` = "1" AND `isdelete` = "0" ORDER BY `sort_num` DESC
2019-01-02 15:06:39-SELECT * FROM `t_products` WHERE `typeid` = "1" AND `active` = "1" AND `isdelete` = "0" ORDER BY `sort_num` DESC
2019-01-02 15:06:39-SELECT * FROM `t_products` WHERE `typeid` = "2" AND `active` = "1" AND `isdelete` = "0" ORDER BY `sort_num` DESC
2019-01-02 15:07:08-SELECT * FROM `t_products_type` WHERE `active` = "1" AND `isdelete` = "0" ORDER BY `sort_num` DESC
2019-01-02 15:07:08-SELECT * FROM `t_products` WHERE `typeid` = "1" AND `active` = "1" AND `isdelete` = "0" ORDER BY `sort_num` DESC
2019-01-02 15:07:08-SELECT * FROM `t_products` WHERE `typeid` = "2" AND `active` = "1" AND `isdelete` = "0" ORDER BY `sort_num` DESC
2019-01-02 15:20:21-SELECT * FROM `t_config`
2019-01-02 15:20:21-SELECT * FROM `t_products_type` WHERE `active` = "1" AND `isdelete` = "0" ORDER BY `sort_num` DESC
2019-01-02 15:20:21-SELECT * FROM `t_products` WHERE `typeid` = "1" AND `active` = "1" AND `isdelete` = "0" ORDER BY `sort_num` DESC
2019-01-02 15:20:21-SELECT * FROM `t_products` WHERE `typeid` = "2" AND `active` = "1" AND `isdelete` = "0" ORDER BY `sort_num` DESC
2019-01-02 15:37:10-SELECT * FROM `t_config`
2019-01-02 15:37:10-SELECT * FROM `t_products_type` WHERE `active` = "1" AND `isdelete` = "0" ORDER BY `sort_num` DESC
2019-01-02 15:37:10-SELECT * FROM `t_products` WHERE `typeid` = "1" AND `active` = "1" AND `isdelete` = "0" ORDER BY `sort_num` DESC
2019-01-02 15:37:10-SELECT * FROM `t_products` WHERE `typeid` = "2" AND `active` = "1" AND `isdelete` = "0" ORDER BY `sort_num` DESC
2019-01-02 15:37:16-SELECT * FROM `t_products` WHERE `id` = "1" AND `active` = "1" AND `isdelete` = "0" LIMIT 1
2019-01-02 15:37:16-SELECT * FROM `t_payment` WHERE `active` = "1"
2019-01-02 15:43:07-SELECT * FROM `t_products_type` WHERE `active` = "1" AND `isdelete` = "0" ORDER BY `sort_num` DESC
2019-01-02 15:43:07-SELECT * FROM `t_products` WHERE `typeid` = "1" AND `active` = "1" AND `isdelete` = "0" ORDER BY `sort_num` DESC
2019-01-02 15:43:07-SELECT * FROM `t_products` WHERE `typeid` = "2" AND `active` = "1" AND `isdelete` = "0" ORDER BY `sort_num` DESC
2019-01-02 15:43:16-SELECT * FROM `t_products_type` WHERE `active` = "1" AND `isdelete` = "0" ORDER BY `sort_num` DESC
2019-01-02 15:43:16-SELECT * FROM `t_products` WHERE `typeid` = "1" AND `active` = "1" AND `isdelete` = "0" ORDER BY `sort_num` DESC
2019-01-02 15:43:16-SELECT * FROM `t_products` WHERE `typeid` = "2" AND `active` = "1" AND `isdelete` = "0" ORDER BY `sort_num` DESC
2019-01-02 15:43:19-SELECT * FROM `t_products` WHERE `id` = "1" AND `active` = "1" AND `isdelete` = "0" LIMIT 1
2019-01-02 15:43:23-SELECT * FROM `t_products_type` WHERE `active` = "1" AND `isdelete` = "0" ORDER BY `sort_num` DESC
2019-01-02 15:43:23-SELECT * FROM `t_products` WHERE `typeid` = "1" AND `active` = "1" AND `isdelete` = "0" ORDER BY `sort_num` DESC
2019-01-02 15:43:23-SELECT * FROM `t_products` WHERE `typeid` = "2" AND `active` = "1" AND `isdelete` = "0" ORDER BY `sort_num` DESC
2019-01-02 15:43:25-SELECT * FROM `t_products` WHERE `id` = "1" AND `active` = "1" AND `isdelete` = "0" LIMIT 1
2019-01-02 15:43:27-SELECT * FROM `t_products_type` WHERE `active` = "1" AND `isdelete` = "0" ORDER BY `sort_num` DESC
2019-01-02 15:43:27-SELECT * FROM `t_products` WHERE `typeid` = "1" AND `active` = "1" AND `isdelete` = "0" ORDER BY `sort_num` DESC
2019-01-02 15:43:27-SELECT * FROM `t_products` WHERE `typeid` = "2" AND `active` = "1" AND `isdelete` = "0" ORDER BY `sort_num` DESC
2019-01-02 15:44:07-SELECT * FROM `t_products_type` WHERE `active` = "1" AND `isdelete` = "0" ORDER BY `sort_num` DESC
2019-01-02 15:44:07-SELECT * FROM `t_products` WHERE `typeid` = "1" AND `active` = "1" AND `isdelete` = "0" ORDER BY `sort_num` DESC
2019-01-02 15:44:07-SELECT * FROM `t_products` WHERE `typeid` = "2" AND `active` = "1" AND `isdelete` = "0" ORDER BY `sort_num` DESC
2019-01-02 15:44:19-SELECT * FROM `t_products` WHERE `id` = "1" AND `active` = "1" AND `isdelete` = "0" LIMIT 1
2019-01-02 15:59:34-SELECT * FROM `t_config`
2019-01-02 15:59:34-SELECT * FROM `t_products_type` WHERE `active` = "1" AND `isdelete` = "0" ORDER BY `sort_num` DESC
2019-01-02 15:59:34-SELECT * FROM `t_products` WHERE `typeid` = "1" AND `active` = "1" AND `isdelete` = "0" ORDER BY `sort_num` DESC
2019-01-02 15:59:34-SELECT * FROM `t_products` WHERE `typeid` = "2" AND `active` = "1" AND `isdelete` = "0" ORDER BY `sort_num` DESC
2019-01-02 16:01:59-SELECT * FROM `t_products_type` WHERE `active` = "1" AND `isdelete` = "0" ORDER BY `sort_num` DESC
2019-01-02 16:01:59-SELECT * FROM `t_products` WHERE `typeid` = "1" AND `active` = "1" AND `isdelete` = "0" ORDER BY `sort_num` DESC
2019-01-02 16:01:59-SELECT * FROM `t_products` WHERE `typeid` = "2" AND `active` = "1" AND `isdelete` = "0" ORDER BY `sort_num` DESC
2019-01-02 16:08:08-SELECT * FROM `t_products_type` WHERE `active` = "1" AND `isdelete` = "0" ORDER BY `sort_num` DESC
2019-01-02 16:08:08-SELECT * FROM `t_products` WHERE `typeid` = "1" AND `active` = "1" AND `isdelete` = "0" ORDER BY `sort_num` DESC
2019-01-02 16:08:08-SELECT * FROM `t_products` WHERE `typeid` = "2" AND `active` = "1" AND `isdelete` = "0" ORDER BY `sort_num` DESC
2019-01-02 16:08:24-SELECT * FROM `t_products_type` WHERE `active` = "1" AND `isdelete` = "0" ORDER BY `sort_num` DESC
2019-01-02 16:08:24-SELECT * FROM `t_products` WHERE `typeid` = "1" AND `active` = "1" AND `isdelete` = "0" ORDER BY `sort_num` DESC
2019-01-02 16:08:24-SELECT * FROM `t_products` WHERE `typeid` = "2" AND `active` = "1" AND `isdelete` = "0" ORDER BY `sort_num` DESC
2019-01-02 16:08:27-SELECT * FROM `t_products` WHERE `id` = "2" AND `active` = "1" AND `isdelete` = "0" LIMIT 1
2019-01-02 16:08:27-SELECT * FROM `t_payment` WHERE `active` = "1"
2019-01-02 16:08:52-SELECT * FROM `t_products` WHERE `id` = "2" AND `active` = "1" AND `isdelete` = "0" LIMIT 1
2019-01-02 16:08:52-SELECT COUNT(*) AS `total` FROM `t_order` WHERE `ip` = "223.88.89.59" AND `status` = "0" AND `isdelete` = "0" AND addtime>=1546358400 and addtime<=1546444799 LIMIT 1
2019-01-02 16:08:52-SELECT COUNT(*) AS `total` FROM `t_order` WHERE `email` = "4848748@qq.com" AND `status` = "0" AND `isdelete` = "0" AND addtime>=1546358400 and addtime<=1546444799 LIMIT 1
2019-01-02 16:08:52-SELECT * FROM `t_user` WHERE `email` = "4848748@qq.com" LIMIT 1
2019-01-02 16:08:52-INSERT INTO t_order (`orderid`,`userid`,`email`,`qq`,`pid`,`productname`,`price`,`number`,`money`,`chapwd`,`ip`,`status`,`paymethod`,`addons`,`addtime`) VALUES ('sadnt2019010216085215533','0','4848748@qq.com','4848748','2','豪华黄钻20个月-详情看说明','110.00','1','110','48487484848748','223.88.89.59','0','codepayqq','请输入QQ账号:2000000000000;请输入QQ密码:2000000000000;','1546416532')
2019-01-02 16:08:52-SELECT * FROM `t_order` WHERE `id` = "84" AND `isdelete` = "0" LIMIT 1
2019-01-02 16:08:55-SELECT * FROM `t_order` WHERE `id` = "84" AND `isdelete` = "0" LIMIT 1
2019-01-02 16:08:57-SELECT * FROM `t_order` WHERE `id` = "84" AND `isdelete` = "0" LIMIT 1
2019-01-02 16:08:59-SELECT * FROM `t_order` WHERE `id` = "84" AND `isdelete` = "0" LIMIT 1
2019-01-02 16:09:01-SELECT * FROM `t_order` WHERE `id` = "84" AND `isdelete` = "0" LIMIT 1
2019-01-02 16:09:03-SELECT * FROM `t_order` WHERE `id` = "84" AND `isdelete` = "0" LIMIT 1
2019-01-02 16:09:04-SELECT * FROM `t_products_type` WHERE `active` = "1" AND `isdelete` = "0" ORDER BY `sort_num` DESC
2019-01-02 16:09:04-SELECT * FROM `t_products` WHERE `typeid` = "1" AND `active` = "1" AND `isdelete` = "0" ORDER BY `sort_num` DESC
2019-01-02 16:09:04-SELECT * FROM `t_products` WHERE `typeid` = "2" AND `active` = "1" AND `isdelete` = "0" ORDER BY `sort_num` DESC
2019-01-02 16:09:52-SELECT * FROM `t_config`
2019-01-02 16:46:52-SELECT * FROM `t_config`
2019-01-02 16:46:52-SELECT * FROM `t_products_type` WHERE `active` = "1" AND `isdelete` = "0" ORDER BY `sort_num` DESC
2019-01-02 16:46:52-SELECT * FROM `t_products` WHERE `typeid` = "1" AND `active` = "1" AND `isdelete` = "0" ORDER BY `sort_num` DESC
2019-01-02 16:46:52-SELECT * FROM `t_products` WHERE `typeid` = "2" AND `active` = "1" AND `isdelete` = "0" ORDER BY `sort_num` DESC
2019-01-02 16:47:02-SELECT * FROM `t_products` WHERE `id` = "1" AND `active` = "1" AND `isdelete` = "0" LIMIT 1
2019-01-02 16:47:02-SELECT * FROM `t_payment` WHERE `active` = "1"
2019-01-02 17:04:42-SELECT * FROM `t_config`
2019-01-02 17:04:43-SELECT * FROM `t_products_type` WHERE `active` = "1" AND `isdelete` = "0" ORDER BY `sort_num` DESC
2019-01-02 17:04:43-SELECT * FROM `t_products` WHERE `typeid` = "1" AND `active` = "1" AND `isdelete` = "0" ORDER BY `sort_num` DESC
2019-01-02 17:04:43-SELECT * FROM `t_products` WHERE `typeid` = "2" AND `active` = "1" AND `isdelete` = "0" ORDER BY `sort_num` DESC
2019-01-02 17:04:52-SELECT * FROM `t_products_type` WHERE `active` = "1" AND `isdelete` = "0" ORDER BY `sort_num` DESC
2019-01-02 17:04:52-SELECT * FROM `t_products` WHERE `typeid` = "1" AND `active` = "1" AND `isdelete` = "0" ORDER BY `sort_num` DESC
2019-01-02 17:04:52-SELECT * FROM `t_products` WHERE `typeid` = "2" AND `active` = "1" AND `isdelete` = "0" ORDER BY `sort_num` DESC
2019-01-02 17:47:13-SELECT * FROM `t_config`
2019-01-02 17:47:14-SELECT * FROM `t_products_type` WHERE `active` = "1" AND `isdelete` = "0" ORDER BY `sort_num` DESC
2019-01-02 17:47:14-SELECT * FROM `t_products` WHERE `typeid` = "1" AND `active` = "1" AND `isdelete` = "0" ORDER BY `sort_num` DESC
2019-01-02 17:47:14-SELECT * FROM `t_products` WHERE `typeid` = "2" AND `active` = "1" AND `isdelete` = "0" ORDER BY `sort_num` DESC
2019-01-02 18:34:14-SELECT * FROM `t_config`
2019-01-02 18:34:14-SELECT * FROM `t_products_type` WHERE `active` = "1" AND `isdelete` = "0" ORDER BY `sort_num` DESC
2019-01-02 18:34:14-SELECT * FROM `t_products` WHERE `typeid` = "1" AND `active` = "1" AND `isdelete` = "0" ORDER BY `sort_num` DESC
2019-01-02 18:34:14-SELECT * FROM `t_products` WHERE `typeid` = "2" AND `active` = "1" AND `isdelete` = "0" ORDER BY `sort_num` DESC
2019-01-02 18:34:31-SELECT * FROM `t_products_type` WHERE `active` = "1" AND `isdelete` = "0" ORDER BY `sort_num` DESC
2019-01-02 18:34:31-SELECT * FROM `t_products` WHERE `typeid` = "1" AND `active` = "1" AND `isdelete` = "0" ORDER BY `sort_num` DESC
2019-01-02 18:34:31-SELECT * FROM `t_products` WHERE `typeid` = "2" AND `active` = "1" AND `isdelete` = "0" ORDER BY `sort_num` DESC
2019-01-02 18:34:39-SELECT * FROM `t_products` WHERE `id` = "1" AND `active` = "1" AND `isdelete` = "0" LIMIT 1
2019-01-02 18:34:39-SELECT * FROM `t_payment` WHERE `active` = "1"
2019-01-02 18:37:39-SELECT * FROM `t_products_type` WHERE `active` = "1" AND `isdelete` = "0" ORDER BY `sort_num` DESC
2019-01-02 18:37:39-SELECT * FROM `t_products` WHERE `typeid` = "1" AND `active` = "1" AND `isdelete` = "0" ORDER BY `sort_num` DESC
2019-01-02 18:37:39-SELECT * FROM `t_products` WHERE `typeid` = "2" AND `active` = "1" AND `isdelete` = "0" ORDER BY `sort_num` DESC
2019-01-02 18:43:17-SELECT * FROM `t_products_type` WHERE `active` = "1" AND `isdelete` = "0" ORDER BY `sort_num` DESC
2019-01-02 18:43:17-SELECT * FROM `t_products` WHERE `typeid` = "1" AND `active` = "1" AND `isdelete` = "0" ORDER BY `sort_num` DESC
2019-01-02 18:43:17-SELECT * FROM `t_products` WHERE `typeid` = "2" AND `active` = "1" AND `isdelete` = "0" ORDER BY `sort_num` DESC
2019-01-02 18:49:39-SELECT * FROM `t_config`
2019-01-02 18:49:39-SELECT * FROM `t_products_type` WHERE `active` = "1" AND `isdelete` = "0" ORDER BY `sort_num` DESC
2019-01-02 18:49:39-SELECT * FROM `t_products` WHERE `typeid` = "1" AND `active` = "1" AND `isdelete` = "0" ORDER BY `sort_num` DESC
2019-01-02 18:49:39-SELECT * FROM `t_products` WHERE `typeid` = "2" AND `active` = "1" AND `isdelete` = "0" ORDER BY `sort_num` DESC
2019-01-02 18:49:53-SELECT * FROM `t_products` WHERE `id` = "1" AND `active` = "1" AND `isdelete` = "0" LIMIT 1
2019-01-02 18:49:53-SELECT * FROM `t_payment` WHERE `active` = "1"
2019-01-02 19:03:59-SELECT * FROM `t_config`
2019-01-02 19:03:59-SELECT * FROM `t_products_type` WHERE `active` = "1" AND `isdelete` = "0" ORDER BY `sort_num` DESC
2019-01-02 19:03:59-SELECT * FROM `t_products` WHERE `typeid` = "1" AND `active` = "1" AND `isdelete` = "0" ORDER BY `sort_num` DESC
2019-01-02 19:03:59-SELECT * FROM `t_products` WHERE `typeid` = "2" AND `active` = "1" AND `isdelete` = "0" ORDER BY `sort_num` DESC
2019-01-02 19:33:10-SELECT * FROM `t_config`
2019-01-02 19:33:10-SELECT * FROM `t_products_type` WHERE `active` = "1" AND `isdelete` = "0" ORDER BY `sort_num` DESC
2019-01-02 19:33:10-SELECT * FROM `t_products` WHERE `typeid` = "1" AND `active` = "1" AND `isdelete` = "0" ORDER BY `sort_num` DESC
2019-01-02 19:33:10-SELECT * FROM `t_products` WHERE `typeid` = "2" AND `active` = "1" AND `isdelete` = "0" ORDER BY `sort_num` DESC
2019-01-02 19:41:34-SELECT * FROM `t_products_type` WHERE `active` = "1" AND `isdelete` = "0" ORDER BY `sort_num` DESC
2019-01-02 19:41:34-SELECT * FROM `t_products` WHERE `typeid` = "1" AND `active` = "1" AND `isdelete` = "0" ORDER BY `sort_num` DESC
2019-01-02 19:41:34-SELECT * FROM `t_products` WHERE `typeid` = "2" AND `active` = "1" AND `isdelete` = "0" ORDER BY `sort_num` DESC
2019-01-02 19:52:33-SELECT * FROM `t_config`
2019-01-02 19:52:40-SELECT `id`, `email`, `secret`, `password` FROM `t_admin_user` WHERE `email` = "52249557@qq.com" LIMIT 1
2019-01-02 19:52:40-INSERT INTO t_admin_login_log (`adminid`,`ip`,`addtime`) VALUES ('1','183.197.72.130','1546429960')
2019-01-02 19:52:42-SELECT COUNT(*) AS `total` FROM `t_user` LIMIT 1
2019-01-02 19:52:42-SELECT * FROM `t_user` ORDER BY `id` DESC LIMIT 0,10
2019-01-02 19:52:42-SELECT COUNT(*) AS `total` FROM `t_config` LIMIT 1
2019-01-02 19:52:42-SELECT `id`, `name`, `updatetime`, `tag` FROM `t_config` ORDER BY `id` DESC LIMIT 0,10
2019-01-02 19:52:43-SELECT * FROM `t_email` LIMIT 1
2019-01-02 19:52:44-SELECT COUNT(*) AS `total` FROM `t_payment` LIMIT 1
2019-01-02 19:52:44-SELECT `id`, `payment`, `alias`, `app_id`, `active` FROM `t_payment` ORDER BY `id` DESC LIMIT 0,10
2019-01-02 19:52:44-SELECT COUNT(*) AS `total` FROM `t_config` LIMIT 1
2019-01-02 19:52:44-SELECT `id`, `name`, `updatetime`, `tag` FROM `t_config` ORDER BY `id` DESC LIMIT 0,10
2019-01-02 19:52:47-SELECT COUNT(*) AS `total` FROM `t_config` LIMIT 1
2019-01-02 19:52:47-SELECT `id`, `name`, `updatetime`, `tag` FROM `t_config` ORDER BY `id` DESC LIMIT 0,70
2019-01-02 19:52:51-SELECT * FROM `t_config` WHERE `id` = "8" LIMIT 1
2019-01-02 19:53:23-SELECT * FROM `t_products_type` WHERE `active` = "1" AND `isdelete` = "0" ORDER BY `sort_num` DESC
2019-01-02 19:53:23-SELECT * FROM `t_products` WHERE `typeid` = "1" AND `active` = "1" AND `isdelete` = "0" ORDER BY `sort_num` DESC
2019-01-02 19:53:23-SELECT * FROM `t_products` WHERE `typeid` = "2" AND `active` = "1" AND `isdelete` = "0" ORDER BY `sort_num` DESC
2019-01-02 19:58:06-SELECT * FROM `t_products_type` WHERE `active` = "1" AND `isdelete` = "0" ORDER BY `sort_num` DESC
2019-01-02 19:58:06-SELECT * FROM `t_products` WHERE `typeid` = "1" AND `active` = "1" AND `isdelete` = "0" ORDER BY `sort_num` DESC
2019-01-02 19:58:06-SELECT * FROM `t_products` WHERE `typeid` = "2" AND `active` = "1" AND `isdelete` = "0" ORDER BY `sort_num` DESC
2019-01-02 20:06:58-SELECT * FROM `t_config`
2019-01-02 20:06:58-SELECT * FROM `t_products_type` WHERE `active` = "1" AND `isdelete` = "0" ORDER BY `sort_num` DESC
2019-01-02 20:06:58-SELECT * FROM `t_products` WHERE `typeid` = "1" AND `active` = "1" AND `isdelete` = "0" ORDER BY `sort_num` DESC
2019-01-02 20:06:58-SELECT * FROM `t_products` WHERE `typeid` = "2" AND `active` = "1" AND `isdelete` = "0" ORDER BY `sort_num` DESC
2019-01-02 20:08:03-SELECT * FROM `t_products_type` WHERE `active` = "1" AND `isdelete` = "0" ORDER BY `sort_num` DESC
2019-01-02 20:08:03-SELECT * FROM `t_products` WHERE `typeid` = "1" AND `active` = "1" AND `isdelete` = "0" ORDER BY `sort_num` DESC
2019-01-02 20:08:03-SELECT * FROM `t_products` WHERE `typeid` = "2" AND `active` = "1" AND `isdelete` = "0" ORDER BY `sort_num` DESC
2019-01-02 20:32:44-SELECT * FROM `t_config`
2019-01-02 20:32:44-SELECT * FROM `t_products_type` WHERE `active` = "1" AND `isdelete` = "0" ORDER BY `sort_num` DESC
2019-01-02 20:32:44-SELECT * FROM `t_products` WHERE `typeid` = "1" AND `active` = "1" AND `isdelete` = "0" ORDER BY `sort_num` DESC
2019-01-02 20:32:44-SELECT * FROM `t_products` WHERE `typeid` = "2" AND `active` = "1" AND `isdelete` = "0" ORDER BY `sort_num` DESC
2019-01-02 20:33:57-SELECT * FROM `t_products_type` WHERE `active` = "1" AND `isdelete` = "0" ORDER BY `sort_num` DESC
2019-01-02 20:33:57-SELECT * FROM `t_products` WHERE `typeid` = "1" AND `active` = "1" AND `isdelete` = "0" ORDER BY `sort_num` DESC
2019-01-02 20:33:57-SELECT * FROM `t_products` WHERE `typeid` = "2" AND `active` = "1" AND `isdelete` = "0" ORDER BY `sort_num` DESC
2019-01-02 20:34:21-SELECT * FROM `t_products_type` WHERE `active` = "1" AND `isdelete` = "0" ORDER BY `sort_num` DESC
2019-01-02 20:34:21-SELECT * FROM `t_products` WHERE `typeid` = "1" AND `active` = "1" AND `isdelete` = "0" ORDER BY `sort_num` DESC
2019-01-02 20:34:21-SELECT * FROM `t_products` WHERE `typeid` = "2" AND `active` = "1" AND `isdelete` = "0" ORDER BY `sort_num` DESC
2019-01-02 20:34:29-SELECT * FROM `t_products_type` WHERE `active` = "1" AND `isdelete` = "0" ORDER BY `sort_num` DESC
2019-01-02 20:34:29-SELECT * FROM `t_products` WHERE `typeid` = "1" AND `active` = "1" AND `isdelete` = "0" ORDER BY `sort_num` DESC
2019-01-02 20:34:29-SELECT * FROM `t_products` WHERE `typeid` = "2" AND `active` = "1" AND `isdelete` = "0" ORDER BY `sort_num` DESC
2019-01-02 20:55:28-SELECT * FROM `t_config`
2019-01-02 20:55:28-SELECT * FROM `t_products_type` WHERE `active` = "1" AND `isdelete` = "0" ORDER BY `sort_num` DESC
2019-01-02 20:55:28-SELECT * FROM `t_products` WHERE `typeid` = "1" AND `active` = "1" AND `isdelete` = "0" ORDER BY `sort_num` DESC
2019-01-02 20:55:28-SELECT * FROM `t_products` WHERE `typeid` = "2" AND `active` = "1" AND `isdelete` = "0" ORDER BY `sort_num` DESC
2019-01-02 21:34:01-SELECT * FROM `t_config`
2019-01-02 21:34:01-SELECT * FROM `t_products` WHERE `id` = "10" AND `active` = "1" AND `isdelete` = "0" LIMIT 1
2019-01-02 21:34:01-SELECT * FROM `t_products_type` WHERE `active` = "1" AND `isdelete` = "0" ORDER BY `sort_num` DESC
2019-01-02 21:34:01-SELECT * FROM `t_products` WHERE `typeid` = "1" AND `active` = "1" AND `isdelete` = "0" ORDER BY `sort_num` DESC
2019-01-02 21:34:01-SELECT * FROM `t_products` WHERE `typeid` = "2" AND `active` = "1" AND `isdelete` = "0" ORDER BY `sort_num` DESC
2019-01-02 21:35:01-SELECT * FROM `t_products` WHERE `id` = "10" AND `active` = "1" AND `isdelete` = "0" LIMIT 1
2019-01-02 21:40:11-SELECT * FROM `t_payment` WHERE `active` = "1"
2019-01-02 21:40:15-SELECT * FROM `t_products_type` WHERE `active` = "1" AND `isdelete` = "0" ORDER BY `sort_num` DESC
2019-01-02 21:40:15-SELECT * FROM `t_products` WHERE `typeid` = "1" AND `active` = "1" AND `isdelete` = "0" ORDER BY `sort_num` DESC
2019-01-02 21:40:15-SELECT * FROM `t_products` WHERE `typeid` = "2" AND `active` = "1" AND `isdelete` = "0" ORDER BY `sort_num` DESC
2019-01-02 22:24:41-SELECT * FROM `t_config`
2019-01-02 22:24:41-SELECT * FROM `t_payment` WHERE `active` = "1"
2019-01-02 22:32:38-SELECT * FROM `t_products_type` WHERE `active` = "1" AND `isdelete` = "0" ORDER BY `sort_num` DESC
2019-01-02 22:32:38-SELECT * FROM `t_products` WHERE `typeid` = "1" AND `active` = "1" AND `isdelete` = "0" ORDER BY `sort_num` DESC
2019-01-02 22:32:38-SELECT * FROM `t_products` WHERE `typeid` = "2" AND `active` = "1" AND `isdelete` = "0" ORDER BY `sort_num` DESC
2019-01-02 22:34:51-SELECT * FROM `t_config`
2019-01-02 22:34:51-SELECT * FROM `t_payment` WHERE `active` = "1"
2019-01-02 22:40:40-SELECT * FROM `t_products_type` WHERE `active` = "1" AND `isdelete` = "0" ORDER BY `sort_num` DESC
2019-01-02 22:40:40-SELECT * FROM `t_products` WHERE `typeid` = "1" AND `active` = "1" AND `isdelete` = "0" ORDER BY `sort_num` DESC
2019-01-02 22:40:40-SELECT * FROM `t_products` WHERE `typeid` = "2" AND `active` = "1" AND `isdelete` = "0" ORDER BY `sort_num` DESC
2019-01-02 22:49:19-SELECT * FROM `t_config`
2019-01-02 22:49:19-SELECT * FROM `t_payment` WHERE `active` = "1"
2019-01-02 23:02:32-SELECT * FROM `t_config`
2019-01-02 23:02:32-SELECT * FROM `t_products` WHERE `id` = "1" AND `active` = "1" AND `isdelete` = "0" LIMIT 1
2019-01-02 23:02:32-SELECT * FROM `t_payment` WHERE `active` = "1"
2019-01-02 23:14:07-SELECT * FROM `t_config`
2019-01-02 23:14:07-SELECT * FROM `t_payment` WHERE `active` = "1"
2019-01-02 23:41:03-SELECT * FROM `t_config`
2019-01-02 23:41:03-SELECT * FROM `t_products_type` WHERE `active` = "1" AND `isdelete` = "0" ORDER BY `sort_num` DESC
2019-01-02 23:41:03-SELECT * FROM `t_products` WHERE `typeid` = "1" AND `active` = "1" AND `isdelete` = "0" ORDER BY `sort_num` DESC
2019-01-02 23:41:03-SELECT * FROM `t_products` WHERE `typeid` = "2" AND `active` = "1" AND `isdelete` = "0" ORDER BY `sort_num` DESC
2019-01-02 23:54:25-SELECT * FROM `t_config`
2019-01-02 23:54:25-SELECT * FROM `t_payment` WHERE `active` = "1"
