
183.197.72.59 | 2019-01-06 07:45:45
SQL: SELECT * FROM `t_article` WHERE `isdelete` = "0" ORDER BY `sort_num` DESC
Error: Unknown column 'sort_num' in 'order clause'
LINE__________FUNCTION__________FILE______________________________________
3__________checkResult__________/www/wwwroot/faka.su/application/library/Core/Model.php
3__________Execute______________/www/wwwroot/faka.su/application/library/Core/Model.php
29_________Select_______________/www/wwwroot/faka.su/application/modules/Admin/controllers/Article.php
___________indexAction__________
7__________run__________________/www/wwwroot/faka.su/public/index.php

221.192.178.187 | 2019-01-06 18:32:51
SQL: SELECT * FROM `t_article` WHERE `isdelete` = "0" ORDER BY `sort_num` DESC
Error: Unknown column 'sort_num' in 'order clause'
LINE__________FUNCTION__________FILE______________________________________
3__________checkResult__________/www/wwwroot/faka.su/application/library/Core/Model.php
3__________Execute______________/www/wwwroot/faka.su/application/library/Core/Model.php
29_________Select_______________/www/wwwroot/faka.su/application/modules/Admin/controllers/Article.php
___________indexAction__________
7__________run__________________/www/wwwroot/faka.su/public/index.php

221.192.178.187 | 2019-01-06 18:33:03
SQL: SELECT * FROM `t_article` WHERE `isdelete` = "0" ORDER BY `sort_num` DESC
Error: Unknown column 'sort_num' in 'order clause'
LINE__________FUNCTION__________FILE______________________________________
3__________checkResult__________/www/wwwroot/faka.su/application/library/Core/Model.php
3__________Execute______________/www/wwwroot/faka.su/application/library/Core/Model.php
29_________Select_______________/www/wwwroot/faka.su/application/modules/Admin/controllers/Article.php
___________indexAction__________
7__________run__________________/www/wwwroot/faka.su/public/index.php

183.197.72.59 | 2019-01-06 18:48:54
SQL: SELECT * FROM `t_article` WHERE `isdelete` = "0" ORDER BY `sort_num` DESC
Error: Unknown column 'sort_num' in 'order clause'
LINE__________FUNCTION__________FILE______________________________________
3__________checkResult__________/www/wwwroot/faka.su/application/library/Core/Model.php
3__________Execute______________/www/wwwroot/faka.su/application/library/Core/Model.php
29_________Select_______________/www/wwwroot/faka.su/application/modules/Admin/controllers/Article.php
___________indexAction__________
7__________run__________________/www/wwwroot/faka.su/public/index.php

183.197.72.59 | 2019-01-06 18:49:50
SQL: SELECT * FROM `t_article` WHERE `isdelete` = "0" ORDER BY `sort_num` DESC
Error: Unknown column 'sort_num' in 'order clause'
LINE__________FUNCTION__________FILE______________________________________
3__________checkResult__________/www/wwwroot/faka.su/application/library/Core/Model.php
3__________Execute______________/www/wwwroot/faka.su/application/library/Core/Model.php
29_________Select_______________/www/wwwroot/faka.su/application/modules/Admin/controllers/Article.php
___________indexAction__________
7__________run__________________/www/wwwroot/faka.su/public/index.php

183.197.72.59 | 2019-01-06 18:53:15
SQL: SELECT * FROM `t_article` WHERE `isdelete` = "0" ORDER BY `sort_num` DESC
Error: Unknown column 'sort_num' in 'order clause'
LINE__________FUNCTION__________FILE______________________________________
3__________checkResult__________/www/wwwroot/faka.su/application/library/Core/Model.php
3__________Execute______________/www/wwwroot/faka.su/application/library/Core/Model.php
29_________Select_______________/www/wwwroot/faka.su/application/modules/Admin/controllers/Article.php
___________indexAction__________
7__________run__________________/www/wwwroot/faka.su/public/index.php
